#
# A fatal error has been detected by the Java Runtime Environment:
#
#  SIGSEGV (0xb) at pc=0x00007f264f400231, pid=36298, tid=36299
#
# JRE version: OpenJDK Runtime Environment (17.0.1+12) (build 17.0.1+12-39)
# Java VM: OpenJDK 64-Bit Server VM (17.0.1+12-39, mixed mode, sharing, tiered, compressed oops, compressed class ptrs, g1 gc, linux-amd64)
# Problematic frame:
# C  [libBooks.so+0x1231]  printBooks+0x8f
#
# Core dump will be written. Default location: Core dumps may be processed with "/usr/share/apport/apport %p %s %c %d %P %E" (or dumping to /media/sf_Federico/Units/Quinto Anno/Tirocinio/Code/Java/LuaInterpreter/core.36298)
#
# If you would like to submit a bug report, please visit:
#   https://bugreport.java.com/bugreport/crash.jsp
# The crash happened outside the Java Virtual Machine in native code.
# See problematic frame for where to report the bug.
#

---------------  S U M M A R Y ------------

Command Line: -javaagent:/home/federicopolli/.local/share/JetBrains/Toolbox/apps/IDEA-C/ch-0/212.5457.46/lib/idea_rt.jar=35461:/home/federicopolli/.local/share/JetBrains/Toolbox/apps/IDEA-C/ch-0/212.5457.46/bin -Dfile.encoding=UTF-8 testlib.Main

Host: Intel(R) Core(TM) i7-10750H CPU @ 2.60GHz, 6 cores, 7G, Ubuntu 20.04.3 LTS
Time: Wed Nov 17 12:58:15 2021 CET elapsed time: 0.306814 seconds (0d 0h 0m 0s)

---------------  T H R E A D  ---------------

Current thread (0x00007f2648025ac0):  JavaThread "main" [_thread_in_native, id=36299, stack(0x00007f264f457000,0x00007f264f558000)]

Stack: [0x00007f264f457000,0x00007f264f558000],  sp=0x00007f264f555a50,  free space=1018k
Native frames: (J=compiled Java code, j=interpreted, Vv=VM code, C=native code)
C  [libBooks.so+0x1231]  printBooks+0x8f
C  [jna13982309824796903886.tmp+0x139c2]

Java frames: (J=compiled Java code, j=interpreted, Vv=VM code)
j  com.sun.jna.Native.invokeVoid(Lcom/sun/jna/Function;JI[Ljava/lang/Object;)V+0
j  com.sun.jna.Function.invoke([Ljava/lang/Object;Ljava/lang/Class;ZI)Ljava/lang/Object;+42
j  com.sun.jna.Function.invoke(Ljava/lang/reflect/Method;[Ljava/lang/Class;Ljava/lang/Class;[Ljava/lang/Object;Ljava/util/Map;)Ljava/lang/Object;+271
j  com.sun.jna.Library$Handler.invoke(Ljava/lang/Object;Ljava/lang/reflect/Method;[Ljava/lang/Object;)Ljava/lang/Object;+390
j  jdk.proxy1.$Proxy0.printBooks([Ltestlib/BookLibrary$Books$ByReference;)V+16 jdk.proxy1
j  testlib.Main.main([Ljava/lang/String;)V+61
v  ~StubRoutines::call_stub

siginfo: si_signo: 11 (SIGSEGV), si_code: 2 (SEGV_ACCERR), si_addr: 0x00007f26482ad000

Register to memory mapping:

RAX=0x00007f26482acfa4 points into unknown readable memory: 00 00 00 00
RBX=0x0 is NULL
RCX=0x0 is NULL
RDX=0x00007f264f555a50 is pointing into the stack for thread: 0x00007f2648025ac0
RSP=0x00007f264f555a50 is pointing into the stack for thread: 0x00007f2648025ac0
RBP=0x00007f264f555b50 is pointing into the stack for thread: 0x00007f2648025ac0
RSI=0x0 is NULL
RDI=0x00007f264f5554e0 is pointing into the stack for thread: 0x00007f2648025ac0
R8 =0x0 is NULL
R9 =0x0000000000000012 is an unknown value
R10=0x00007f264f401047: <offset 0x0000000000002047> in /media/sf_Federico/Units/Quinto Anno/Tirocinio/Code/C/JNA_C_Library/libBooks.so at 0x00007f264f3ff000
R11=0x00007f264f555917 is pointing into the stack for thread: 0x00007f2648025ac0
R12=0x00007f264f555ca0 is pointing into the stack for thread: 0x00007f2648025ac0
R13=0x0000000000000008 is an unknown value
R14=0x0000000000000001 is an unknown value
R15=0x00007f264f555c80 is pointing into the stack for thread: 0x00007f2648025ac0


Registers:
RAX=0x00007f26482acfa4, RBX=0x0000000000000000, RCX=0x0000000000000000, RDX=0x00007f264f555a50
RSP=0x00007f264f555a50, RBP=0x00007f264f555b50, RSI=0x0000000000000000, RDI=0x00007f264f5554e0
R8 =0x0000000000000000, R9 =0x0000000000000012, R10=0x00007f264f401047, R11=0x00007f264f555917
R12=0x00007f264f555ca0, R13=0x0000000000000008, R14=0x0000000000000001, R15=0x00007f264f555c80
RIP=0x00007f264f400231, EFLAGS=0x0000000000010206, CSGSFS=0x002b000000000033, ERR=0x0000000000000004
  TRAPNO=0x000000000000000e

Top of Stack: (sp=0x00007f264f555a50)
0x00007f264f555a50:   0000000000000000 0000000000000000
0x00007f264f555a60:   0000000000000000 0000000000000000
0x00007f264f555a70:   0000000000000000 0000000000000000
0x00007f264f555a80:   0000000000000000 0000000000000000 

Instructions: (pc=0x00007f264f400231)
0x00007f264f400131:   0f 1e fa e9 77 ff ff ff f3 0f 1e fa 55 48 89 e5
0x00007f264f400141:   48 8d 75 10 48 8d 3d b4 0e 00 00 b8 00 00 00 00
0x00007f264f400151:   e8 0a ff ff ff 48 8d 45 42 48 89 c6 48 8d 3d ad
0x00007f264f400161:   0e 00 00 b8 00 00 00 00 e8 f2 fe ff ff 48 8d 45
0x00007f264f400171:   74 48 89 c6 48 8d 3d a7 0e 00 00 b8 00 00 00 00
0x00007f264f400181:   e8 da fe ff ff 8b 85 d8 00 00 00 89 c6 48 8d 3d
0x00007f264f400191:   a0 0e 00 00 b8 00 00 00 00 e8 c1 fe ff ff 90 5d
0x00007f264f4001a1:   c3 f3 0f 1e fa 55 48 89 e5 53 48 83 ec 28 48 89
0x00007f264f4001b1:   7d d8 89 75 d4 c7 45 ec 00 00 00 00 e9 35 01 00
0x00007f264f4001c1:   00 8b 45 ec 48 98 48 69 d0 cc 00 00 00 48 8b 45
0x00007f264f4001d1:   d8 48 01 d0 48 81 ec d0 00 00 00 48 89 e2 48 8b
0x00007f264f4001e1:   08 48 8b 58 08 48 89 0a 48 89 5a 08 48 8b 48 10
0x00007f264f4001f1:   48 8b 58 18 48 89 4a 10 48 89 5a 18 48 8b 48 20
0x00007f264f400201:   48 8b 58 28 48 89 4a 20 48 89 5a 28 48 8b 48 30
0x00007f264f400211:   48 8b 58 38 48 89 4a 30 48 89 5a 38 48 8b 48 40
0x00007f264f400221:   48 8b 58 48 48 89 4a 40 48 89 5a 48 48 8b 48 50
0x00007f264f400231:   48 8b 58 58 48 89 4a 50 48 89 5a 58 48 8b 48 60
0x00007f264f400241:   48 8b 58 68 48 89 4a 60 48 89 5a 68 48 8b 48 70
0x00007f264f400251:   48 8b 58 78 48 89 4a 70 48 89 5a 78 48 8b 88 80
0x00007f264f400261:   00 00 00 48 8b 98 88 00 00 00 48 89 8a 80 00 00
0x00007f264f400271:   00 48 89 9a 88 00 00 00 48 8b 88 90 00 00 00 48
0x00007f264f400281:   8b 98 98 00 00 00 48 89 8a 90 00 00 00 48 89 9a
0x00007f264f400291:   98 00 00 00 48 8b 88 a0 00 00 00 48 8b 98 a8 00
0x00007f264f4002a1:   00 00 48 89 8a a0 00 00 00 48 89 9a a8 00 00 00
0x00007f264f4002b1:   48 8b 88 b0 00 00 00 48 8b 98 b8 00 00 00 48 89
0x00007f264f4002c1:   8a b0 00 00 00 48 89 9a b8 00 00 00 48 8b 88 c0
0x00007f264f4002d1:   00 00 00 48 89 8a c0 00 00 00 8b 80 c8 00 00 00
0x00007f264f4002e1:   89 82 c8 00 00 00 e8 84 fd ff ff 48 81 c4 d0 00
0x00007f264f4002f1:   00 00 83 45 ec 01 8b 45 ec 3b 45 d4 0f 8c bf fe
0x00007f264f400301:   ff ff 90 90 48 8b 5d f8 c9 c3 f3 0f 1e fa 55 48
0x00007f264f400311:   89 e5 48 89 7d e8 89 75 e4 66 0f ef c0 f2 0f 11
0x00007f264f400321:   45 f8 c7 45 f4 00 00 00 00 eb 2f 8b 45 f4 48 98 


Stack slot to memory mapping:
stack at sp + 0 slots: 0x0 is NULL
stack at sp + 1 slots: 0x0 is NULL
stack at sp + 2 slots: 0x0 is NULL
stack at sp + 3 slots: 0x0 is NULL
stack at sp + 4 slots: 0x0 is NULL
stack at sp + 5 slots: 0x0 is NULL
stack at sp + 6 slots: 0x0 is NULL
stack at sp + 7 slots: 0x0 is NULL


---------------  P R O C E S S  ---------------

Threads class SMR info:
_java_thread_list=0x00007f26482682a0, length=13, elements={
0x00007f2648025ac0, 0x00007f2648115450, 0x00007f2648116830, 0x00007f264811cc10,
0x00007f264811dfc0, 0x00007f264811f3d0, 0x00007f2648120d80, 0x00007f26481222b0,
0x00007f2648123720, 0x00007f264813eef0, 0x00007f2648202ad0, 0x00007f2648204460,
0x00007f26482672b0
}

Java Threads: ( => current thread )
=>0x00007f2648025ac0 JavaThread "main" [_thread_in_native, id=36299, stack(0x00007f264f457000,0x00007f264f558000)]
  0x00007f2648115450 JavaThread "Reference Handler" daemon [_thread_blocked, id=36314, stack(0x00007f262c12d000,0x00007f262c22e000)]
  0x00007f2648116830 JavaThread "Finalizer" daemon [_thread_blocked, id=36315, stack(0x00007f262c02c000,0x00007f262c12d000)]
  0x00007f264811cc10 JavaThread "Signal Dispatcher" daemon [_thread_blocked, id=36316, stack(0x00007f260f98e000,0x00007f260fa8f000)]
  0x00007f264811dfc0 JavaThread "Service Thread" daemon [_thread_blocked, id=36317, stack(0x00007f260f88d000,0x00007f260f98e000)]
  0x00007f264811f3d0 JavaThread "Monitor Deflation Thread" daemon [_thread_blocked, id=36318, stack(0x00007f260f78c000,0x00007f260f88d000)]
  0x00007f2648120d80 JavaThread "C2 CompilerThread0" daemon [_thread_blocked, id=36319, stack(0x00007f260f68b000,0x00007f260f78c000)]
  0x00007f26481222b0 JavaThread "C1 CompilerThread0" daemon [_thread_blocked, id=36320, stack(0x00007f260f58a000,0x00007f260f68b000)]
  0x00007f2648123720 JavaThread "Sweeper thread" daemon [_thread_blocked, id=36321, stack(0x00007f260f489000,0x00007f260f58a000)]
  0x00007f264813eef0 JavaThread "Common-Cleaner" daemon [_thread_blocked, id=36324, stack(0x00007f260f388000,0x00007f260f489000)]
  0x00007f2648202ad0 JavaThread "Monitor Ctrl-Break" daemon [_thread_in_native, id=36326, stack(0x00007f260f287000,0x00007f260f388000)]
  0x00007f2648204460 JavaThread "Notification Thread" daemon [_thread_blocked, id=36327, stack(0x00007f260f186000,0x00007f260f287000)]
  0x00007f26482672b0 JavaThread "process reaper" daemon [_thread_blocked, id=36330, stack(0x00007f262cc8c000,0x00007f262ccae000)]

Other Threads:
  0x00007f2648111400 VMThread "VM Thread" [stack: 0x00007f262c230000,0x00007f262c330000] [id=36307]
  0x00007f2648027730 WatcherThread [stack: 0x00007f260f086000,0x00007f260f186000] [id=36328]
  0x00007f2648064440 GCTaskThread "GC Thread#0" [stack: 0x00007f262f757000,0x00007f262f857000] [id=36301]
  0x00007f26480752f0 ConcurrentGCThread "G1 Main Marker" [stack: 0x00007f262f655000,0x00007f262f755000] [id=36302]
  0x00007f2648076250 ConcurrentGCThread "G1 Conc#0" [stack: 0x00007f262f553000,0x00007f262f653000] [id=36303]
  0x00007f26480e47d0 ConcurrentGCThread "G1 Refine#0" [stack: 0x00007f262ce4b000,0x00007f262cf4b000] [id=36304]
  0x00007f26480e56c0 ConcurrentGCThread "G1 Service" [stack: 0x00007f262cd49000,0x00007f262ce49000] [id=36305]

Threads with active compile tasks:

VM state: not at safepoint (normal execution)

VM Mutex/Monitor currently owned by a thread: None

Heap address: 0x0000000083a00000, size: 1990 MB, Compressed Oops mode: 32-bit

CDS archive(s) mapped at: [0x0000000800000000-0x0000000800bda000-0x0000000800bda000), size 12427264, SharedBaseAddress: 0x0000000800000000, ArchiveRelocationMode: 0.
Compressed class space mapped at: 0x0000000800c00000-0x0000000840c00000, reserved size: 1073741824
Narrow klass base: 0x0000000800000000, Narrow klass shift: 0, Narrow klass range: 0x100000000

GC Precious Log:
 CPUs: 6 total, 6 available
 Memory: 7954M
 Large Page Support: Disabled
 NUMA Support: Disabled
 Compressed Oops: Enabled (32-bit)
 Heap Region Size: 1M
 Heap Min Capacity: 8M
 Heap Initial Capacity: 126M
 Heap Max Capacity: 1990M
 Pre-touch: Disabled
 Parallel Workers: 6
 Concurrent Workers: 2
 Concurrent Refinement Workers: 6
 Periodic GC: Disabled

Heap:
 garbage-first heap   total 131072K, used 5088K [0x0000000083a00000, 0x0000000100000000)
  region size 1024K, 5 young (5120K), 0 survivors (0K)
 Metaspace       used 2644K, committed 2816K, reserved 1056768K
  class space    used 273K, committed 384K, reserved 1048576K

Heap Regions: E=young(eden), S=young(survivor), O=old, HS=humongous(starts), HC=humongous(continues), CS=collection set, F=free, OA=open archive, CA=closed archive, TAMS=top-at-mark-start (previous, next)
|   0|0x0000000083a00000, 0x0000000083a00000, 0x0000000083b00000|  0%| F|  |TAMS 0x0000000083a00000, 0x0000000083a00000| Untracked 
|   1|0x0000000083b00000, 0x0000000083b00000, 0x0000000083c00000|  0%| F|  |TAMS 0x0000000083b00000, 0x0000000083b00000| Untracked 
|   2|0x0000000083c00000, 0x0000000083c00000, 0x0000000083d00000|  0%| F|  |TAMS 0x0000000083c00000, 0x0000000083c00000| Untracked 
|   3|0x0000000083d00000, 0x0000000083d00000, 0x0000000083e00000|  0%| F|  |TAMS 0x0000000083d00000, 0x0000000083d00000| Untracked 
|   4|0x0000000083e00000, 0x0000000083e00000, 0x0000000083f00000|  0%| F|  |TAMS 0x0000000083e00000, 0x0000000083e00000| Untracked 
|   5|0x0000000083f00000, 0x0000000083f00000, 0x0000000084000000|  0%| F|  |TAMS 0x0000000083f00000, 0x0000000083f00000| Untracked 
|   6|0x0000000084000000, 0x0000000084000000, 0x0000000084100000|  0%| F|  |TAMS 0x0000000084000000, 0x0000000084000000| Untracked 
|   7|0x0000000084100000, 0x0000000084100000, 0x0000000084200000|  0%| F|  |TAMS 0x0000000084100000, 0x0000000084100000| Untracked 
|   8|0x0000000084200000, 0x0000000084200000, 0x0000000084300000|  0%| F|  |TAMS 0x0000000084200000, 0x0000000084200000| Untracked 
|   9|0x0000000084300000, 0x0000000084300000, 0x0000000084400000|  0%| F|  |TAMS 0x0000000084300000, 0x0000000084300000| Untracked 
|  10|0x0000000084400000, 0x0000000084400000, 0x0000000084500000|  0%| F|  |TAMS 0x0000000084400000, 0x0000000084400000| Untracked 
|  11|0x0000000084500000, 0x0000000084500000, 0x0000000084600000|  0%| F|  |TAMS 0x0000000084500000, 0x0000000084500000| Untracked 
|  12|0x0000000084600000, 0x0000000084600000, 0x0000000084700000|  0%| F|  |TAMS 0x0000000084600000, 0x0000000084600000| Untracked 
|  13|0x0000000084700000, 0x0000000084700000, 0x0000000084800000|  0%| F|  |TAMS 0x0000000084700000, 0x0000000084700000| Untracked 
|  14|0x0000000084800000, 0x0000000084800000, 0x0000000084900000|  0%| F|  |TAMS 0x0000000084800000, 0x0000000084800000| Untracked 
|  15|0x0000000084900000, 0x0000000084900000, 0x0000000084a00000|  0%| F|  |TAMS 0x0000000084900000, 0x0000000084900000| Untracked 
|  16|0x0000000084a00000, 0x0000000084a00000, 0x0000000084b00000|  0%| F|  |TAMS 0x0000000084a00000, 0x0000000084a00000| Untracked 
|  17|0x0000000084b00000, 0x0000000084b00000, 0x0000000084c00000|  0%| F|  |TAMS 0x0000000084b00000, 0x0000000084b00000| Untracked 
|  18|0x0000000084c00000, 0x0000000084c00000, 0x0000000084d00000|  0%| F|  |TAMS 0x0000000084c00000, 0x0000000084c00000| Untracked 
|  19|0x0000000084d00000, 0x0000000084d00000, 0x0000000084e00000|  0%| F|  |TAMS 0x0000000084d00000, 0x0000000084d00000| Untracked 
|  20|0x0000000084e00000, 0x0000000084e00000, 0x0000000084f00000|  0%| F|  |TAMS 0x0000000084e00000, 0x0000000084e00000| Untracked 
|  21|0x0000000084f00000, 0x0000000084f00000, 0x0000000085000000|  0%| F|  |TAMS 0x0000000084f00000, 0x0000000084f00000| Untracked 
|  22|0x0000000085000000, 0x0000000085000000, 0x0000000085100000|  0%| F|  |TAMS 0x0000000085000000, 0x0000000085000000| Untracked 
|  23|0x0000000085100000, 0x0000000085100000, 0x0000000085200000|  0%| F|  |TAMS 0x0000000085100000, 0x0000000085100000| Untracked 
|  24|0x0000000085200000, 0x0000000085200000, 0x0000000085300000|  0%| F|  |TAMS 0x0000000085200000, 0x0000000085200000| Untracked 
|  25|0x0000000085300000, 0x0000000085300000, 0x0000000085400000|  0%| F|  |TAMS 0x0000000085300000, 0x0000000085300000| Untracked 
|  26|0x0000000085400000, 0x0000000085400000, 0x0000000085500000|  0%| F|  |TAMS 0x0000000085400000, 0x0000000085400000| Untracked 
|  27|0x0000000085500000, 0x0000000085500000, 0x0000000085600000|  0%| F|  |TAMS 0x0000000085500000, 0x0000000085500000| Untracked 
|  28|0x0000000085600000, 0x0000000085600000, 0x0000000085700000|  0%| F|  |TAMS 0x0000000085600000, 0x0000000085600000| Untracked 
|  29|0x0000000085700000, 0x0000000085700000, 0x0000000085800000|  0%| F|  |TAMS 0x0000000085700000, 0x0000000085700000| Untracked 
|  30|0x0000000085800000, 0x0000000085800000, 0x0000000085900000|  0%| F|  |TAMS 0x0000000085800000, 0x0000000085800000| Untracked 
|  31|0x0000000085900000, 0x0000000085900000, 0x0000000085a00000|  0%| F|  |TAMS 0x0000000085900000, 0x0000000085900000| Untracked 
|  32|0x0000000085a00000, 0x0000000085a00000, 0x0000000085b00000|  0%| F|  |TAMS 0x0000000085a00000, 0x0000000085a00000| Untracked 
|  33|0x0000000085b00000, 0x0000000085b00000, 0x0000000085c00000|  0%| F|  |TAMS 0x0000000085b00000, 0x0000000085b00000| Untracked 
|  34|0x0000000085c00000, 0x0000000085c00000, 0x0000000085d00000|  0%| F|  |TAMS 0x0000000085c00000, 0x0000000085c00000| Untracked 
|  35|0x0000000085d00000, 0x0000000085d00000, 0x0000000085e00000|  0%| F|  |TAMS 0x0000000085d00000, 0x0000000085d00000| Untracked 
|  36|0x0000000085e00000, 0x0000000085e00000, 0x0000000085f00000|  0%| F|  |TAMS 0x0000000085e00000, 0x0000000085e00000| Untracked 
|  37|0x0000000085f00000, 0x0000000085f00000, 0x0000000086000000|  0%| F|  |TAMS 0x0000000085f00000, 0x0000000085f00000| Untracked 
|  38|0x0000000086000000, 0x0000000086000000, 0x0000000086100000|  0%| F|  |TAMS 0x0000000086000000, 0x0000000086000000| Untracked 
|  39|0x0000000086100000, 0x0000000086100000, 0x0000000086200000|  0%| F|  |TAMS 0x0000000086100000, 0x0000000086100000| Untracked 
|  40|0x0000000086200000, 0x0000000086200000, 0x0000000086300000|  0%| F|  |TAMS 0x0000000086200000, 0x0000000086200000| Untracked 
|  41|0x0000000086300000, 0x0000000086300000, 0x0000000086400000|  0%| F|  |TAMS 0x0000000086300000, 0x0000000086300000| Untracked 
|  42|0x0000000086400000, 0x0000000086400000, 0x0000000086500000|  0%| F|  |TAMS 0x0000000086400000, 0x0000000086400000| Untracked 
|  43|0x0000000086500000, 0x0000000086500000, 0x0000000086600000|  0%| F|  |TAMS 0x0000000086500000, 0x0000000086500000| Untracked 
|  44|0x0000000086600000, 0x0000000086600000, 0x0000000086700000|  0%| F|  |TAMS 0x0000000086600000, 0x0000000086600000| Untracked 
|  45|0x0000000086700000, 0x0000000086700000, 0x0000000086800000|  0%| F|  |TAMS 0x0000000086700000, 0x0000000086700000| Untracked 
|  46|0x0000000086800000, 0x0000000086800000, 0x0000000086900000|  0%| F|  |TAMS 0x0000000086800000, 0x0000000086800000| Untracked 
|  47|0x0000000086900000, 0x0000000086900000, 0x0000000086a00000|  0%| F|  |TAMS 0x0000000086900000, 0x0000000086900000| Untracked 
|  48|0x0000000086a00000, 0x0000000086a00000, 0x0000000086b00000|  0%| F|  |TAMS 0x0000000086a00000, 0x0000000086a00000| Untracked 
|  49|0x0000000086b00000, 0x0000000086b00000, 0x0000000086c00000|  0%| F|  |TAMS 0x0000000086b00000, 0x0000000086b00000| Untracked 
|  50|0x0000000086c00000, 0x0000000086c00000, 0x0000000086d00000|  0%| F|  |TAMS 0x0000000086c00000, 0x0000000086c00000| Untracked 
|  51|0x0000000086d00000, 0x0000000086d00000, 0x0000000086e00000|  0%| F|  |TAMS 0x0000000086d00000, 0x0000000086d00000| Untracked 
|  52|0x0000000086e00000, 0x0000000086e00000, 0x0000000086f00000|  0%| F|  |TAMS 0x0000000086e00000, 0x0000000086e00000| Untracked 
|  53|0x0000000086f00000, 0x0000000086f00000, 0x0000000087000000|  0%| F|  |TAMS 0x0000000086f00000, 0x0000000086f00000| Untracked 
|  54|0x0000000087000000, 0x0000000087000000, 0x0000000087100000|  0%| F|  |TAMS 0x0000000087000000, 0x0000000087000000| Untracked 
|  55|0x0000000087100000, 0x0000000087100000, 0x0000000087200000|  0%| F|  |TAMS 0x0000000087100000, 0x0000000087100000| Untracked 
|  56|0x0000000087200000, 0x0000000087200000, 0x0000000087300000|  0%| F|  |TAMS 0x0000000087200000, 0x0000000087200000| Untracked 
|  57|0x0000000087300000, 0x0000000087300000, 0x0000000087400000|  0%| F|  |TAMS 0x0000000087300000, 0x0000000087300000| Untracked 
|  58|0x0000000087400000, 0x0000000087400000, 0x0000000087500000|  0%| F|  |TAMS 0x0000000087400000, 0x0000000087400000| Untracked 
|  59|0x0000000087500000, 0x0000000087500000, 0x0000000087600000|  0%| F|  |TAMS 0x0000000087500000, 0x0000000087500000| Untracked 
|  60|0x0000000087600000, 0x0000000087600000, 0x0000000087700000|  0%| F|  |TAMS 0x0000000087600000, 0x0000000087600000| Untracked 
|  61|0x0000000087700000, 0x0000000087700000, 0x0000000087800000|  0%| F|  |TAMS 0x0000000087700000, 0x0000000087700000| Untracked 
|  62|0x0000000087800000, 0x0000000087800000, 0x0000000087900000|  0%| F|  |TAMS 0x0000000087800000, 0x0000000087800000| Untracked 
|  63|0x0000000087900000, 0x0000000087900000, 0x0000000087a00000|  0%| F|  |TAMS 0x0000000087900000, 0x0000000087900000| Untracked 
|  64|0x0000000087a00000, 0x0000000087a00000, 0x0000000087b00000|  0%| F|  |TAMS 0x0000000087a00000, 0x0000000087a00000| Untracked 
|  65|0x0000000087b00000, 0x0000000087b00000, 0x0000000087c00000|  0%| F|  |TAMS 0x0000000087b00000, 0x0000000087b00000| Untracked 
|  66|0x0000000087c00000, 0x0000000087c00000, 0x0000000087d00000|  0%| F|  |TAMS 0x0000000087c00000, 0x0000000087c00000| Untracked 
|  67|0x0000000087d00000, 0x0000000087d00000, 0x0000000087e00000|  0%| F|  |TAMS 0x0000000087d00000, 0x0000000087d00000| Untracked 
|  68|0x0000000087e00000, 0x0000000087e00000, 0x0000000087f00000|  0%| F|  |TAMS 0x0000000087e00000, 0x0000000087e00000| Untracked 
|  69|0x0000000087f00000, 0x0000000087f00000, 0x0000000088000000|  0%| F|  |TAMS 0x0000000087f00000, 0x0000000087f00000| Untracked 
|  70|0x0000000088000000, 0x0000000088000000, 0x0000000088100000|  0%| F|  |TAMS 0x0000000088000000, 0x0000000088000000| Untracked 
|  71|0x0000000088100000, 0x0000000088100000, 0x0000000088200000|  0%| F|  |TAMS 0x0000000088100000, 0x0000000088100000| Untracked 
|  72|0x0000000088200000, 0x0000000088200000, 0x0000000088300000|  0%| F|  |TAMS 0x0000000088200000, 0x0000000088200000| Untracked 
|  73|0x0000000088300000, 0x0000000088300000, 0x0000000088400000|  0%| F|  |TAMS 0x0000000088300000, 0x0000000088300000| Untracked 
|  74|0x0000000088400000, 0x0000000088400000, 0x0000000088500000|  0%| F|  |TAMS 0x0000000088400000, 0x0000000088400000| Untracked 
|  75|0x0000000088500000, 0x0000000088500000, 0x0000000088600000|  0%| F|  |TAMS 0x0000000088500000, 0x0000000088500000| Untracked 
|  76|0x0000000088600000, 0x0000000088600000, 0x0000000088700000|  0%| F|  |TAMS 0x0000000088600000, 0x0000000088600000| Untracked 
|  77|0x0000000088700000, 0x0000000088700000, 0x0000000088800000|  0%| F|  |TAMS 0x0000000088700000, 0x0000000088700000| Untracked 
|  78|0x0000000088800000, 0x0000000088800000, 0x0000000088900000|  0%| F|  |TAMS 0x0000000088800000, 0x0000000088800000| Untracked 
|  79|0x0000000088900000, 0x0000000088900000, 0x0000000088a00000|  0%| F|  |TAMS 0x0000000088900000, 0x0000000088900000| Untracked 
|  80|0x0000000088a00000, 0x0000000088a00000, 0x0000000088b00000|  0%| F|  |TAMS 0x0000000088a00000, 0x0000000088a00000| Untracked 
|  81|0x0000000088b00000, 0x0000000088b00000, 0x0000000088c00000|  0%| F|  |TAMS 0x0000000088b00000, 0x0000000088b00000| Untracked 
|  82|0x0000000088c00000, 0x0000000088c00000, 0x0000000088d00000|  0%| F|  |TAMS 0x0000000088c00000, 0x0000000088c00000| Untracked 
|  83|0x0000000088d00000, 0x0000000088d00000, 0x0000000088e00000|  0%| F|  |TAMS 0x0000000088d00000, 0x0000000088d00000| Untracked 
|  84|0x0000000088e00000, 0x0000000088e00000, 0x0000000088f00000|  0%| F|  |TAMS 0x0000000088e00000, 0x0000000088e00000| Untracked 
|  85|0x0000000088f00000, 0x0000000088f00000, 0x0000000089000000|  0%| F|  |TAMS 0x0000000088f00000, 0x0000000088f00000| Untracked 
|  86|0x0000000089000000, 0x0000000089000000, 0x0000000089100000|  0%| F|  |TAMS 0x0000000089000000, 0x0000000089000000| Untracked 
|  87|0x0000000089100000, 0x0000000089100000, 0x0000000089200000|  0%| F|  |TAMS 0x0000000089100000, 0x0000000089100000| Untracked 
|  88|0x0000000089200000, 0x0000000089200000, 0x0000000089300000|  0%| F|  |TAMS 0x0000000089200000, 0x0000000089200000| Untracked 
|  89|0x0000000089300000, 0x0000000089300000, 0x0000000089400000|  0%| F|  |TAMS 0x0000000089300000, 0x0000000089300000| Untracked 
|  90|0x0000000089400000, 0x0000000089400000, 0x0000000089500000|  0%| F|  |TAMS 0x0000000089400000, 0x0000000089400000| Untracked 
|  91|0x0000000089500000, 0x0000000089500000, 0x0000000089600000|  0%| F|  |TAMS 0x0000000089500000, 0x0000000089500000| Untracked 
|  92|0x0000000089600000, 0x0000000089600000, 0x0000000089700000|  0%| F|  |TAMS 0x0000000089600000, 0x0000000089600000| Untracked 
|  93|0x0000000089700000, 0x0000000089700000, 0x0000000089800000|  0%| F|  |TAMS 0x0000000089700000, 0x0000000089700000| Untracked 
|  94|0x0000000089800000, 0x0000000089800000, 0x0000000089900000|  0%| F|  |TAMS 0x0000000089800000, 0x0000000089800000| Untracked 
|  95|0x0000000089900000, 0x0000000089900000, 0x0000000089a00000|  0%| F|  |TAMS 0x0000000089900000, 0x0000000089900000| Untracked 
|  96|0x0000000089a00000, 0x0000000089a00000, 0x0000000089b00000|  0%| F|  |TAMS 0x0000000089a00000, 0x0000000089a00000| Untracked 
|  97|0x0000000089b00000, 0x0000000089b00000, 0x0000000089c00000|  0%| F|  |TAMS 0x0000000089b00000, 0x0000000089b00000| Untracked 
|  98|0x0000000089c00000, 0x0000000089c00000, 0x0000000089d00000|  0%| F|  |TAMS 0x0000000089c00000, 0x0000000089c00000| Untracked 
|  99|0x0000000089d00000, 0x0000000089d00000, 0x0000000089e00000|  0%| F|  |TAMS 0x0000000089d00000, 0x0000000089d00000| Untracked 
| 100|0x0000000089e00000, 0x0000000089e00000, 0x0000000089f00000|  0%| F|  |TAMS 0x0000000089e00000, 0x0000000089e00000| Untracked 
| 101|0x0000000089f00000, 0x0000000089f00000, 0x000000008a000000|  0%| F|  |TAMS 0x0000000089f00000, 0x0000000089f00000| Untracked 
| 102|0x000000008a000000, 0x000000008a000000, 0x000000008a100000|  0%| F|  |TAMS 0x000000008a000000, 0x000000008a000000| Untracked 
| 103|0x000000008a100000, 0x000000008a100000, 0x000000008a200000|  0%| F|  |TAMS 0x000000008a100000, 0x000000008a100000| Untracked 
| 104|0x000000008a200000, 0x000000008a200000, 0x000000008a300000|  0%| F|  |TAMS 0x000000008a200000, 0x000000008a200000| Untracked 
| 105|0x000000008a300000, 0x000000008a300000, 0x000000008a400000|  0%| F|  |TAMS 0x000000008a300000, 0x000000008a300000| Untracked 
| 106|0x000000008a400000, 0x000000008a400000, 0x000000008a500000|  0%| F|  |TAMS 0x000000008a400000, 0x000000008a400000| Untracked 
| 107|0x000000008a500000, 0x000000008a500000, 0x000000008a600000|  0%| F|  |TAMS 0x000000008a500000, 0x000000008a500000| Untracked 
| 108|0x000000008a600000, 0x000000008a600000, 0x000000008a700000|  0%| F|  |TAMS 0x000000008a600000, 0x000000008a600000| Untracked 
| 109|0x000000008a700000, 0x000000008a700000, 0x000000008a800000|  0%| F|  |TAMS 0x000000008a700000, 0x000000008a700000| Untracked 
| 110|0x000000008a800000, 0x000000008a800000, 0x000000008a900000|  0%| F|  |TAMS 0x000000008a800000, 0x000000008a800000| Untracked 
| 111|0x000000008a900000, 0x000000008a900000, 0x000000008aa00000|  0%| F|  |TAMS 0x000000008a900000, 0x000000008a900000| Untracked 
| 112|0x000000008aa00000, 0x000000008aa00000, 0x000000008ab00000|  0%| F|  |TAMS 0x000000008aa00000, 0x000000008aa00000| Untracked 
| 113|0x000000008ab00000, 0x000000008ab00000, 0x000000008ac00000|  0%| F|  |TAMS 0x000000008ab00000, 0x000000008ab00000| Untracked 
| 114|0x000000008ac00000, 0x000000008ac00000, 0x000000008ad00000|  0%| F|  |TAMS 0x000000008ac00000, 0x000000008ac00000| Untracked 
| 115|0x000000008ad00000, 0x000000008ad00000, 0x000000008ae00000|  0%| F|  |TAMS 0x000000008ad00000, 0x000000008ad00000| Untracked 
| 116|0x000000008ae00000, 0x000000008ae00000, 0x000000008af00000|  0%| F|  |TAMS 0x000000008ae00000, 0x000000008ae00000| Untracked 
| 117|0x000000008af00000, 0x000000008af00000, 0x000000008b000000|  0%| F|  |TAMS 0x000000008af00000, 0x000000008af00000| Untracked 
| 118|0x000000008b000000, 0x000000008b000000, 0x000000008b100000|  0%| F|  |TAMS 0x000000008b000000, 0x000000008b000000| Untracked 
| 119|0x000000008b100000, 0x000000008b100000, 0x000000008b200000|  0%| F|  |TAMS 0x000000008b100000, 0x000000008b100000| Untracked 
| 120|0x000000008b200000, 0x000000008b200000, 0x000000008b300000|  0%| F|  |TAMS 0x000000008b200000, 0x000000008b200000| Untracked 
| 121|0x000000008b300000, 0x000000008b3d7d10, 0x000000008b400000| 84%| E|  |TAMS 0x000000008b300000, 0x000000008b300000| Complete 
| 122|0x000000008b400000, 0x000000008b500000, 0x000000008b500000|100%| E|CS|TAMS 0x000000008b400000, 0x000000008b400000| Complete 
| 123|0x000000008b500000, 0x000000008b600000, 0x000000008b600000|100%| E|CS|TAMS 0x000000008b500000, 0x000000008b500000| Complete 
| 124|0x000000008b600000, 0x000000008b700000, 0x000000008b700000|100%| E|CS|TAMS 0x000000008b600000, 0x000000008b600000| Complete 
| 125|0x000000008b700000, 0x000000008b800000, 0x000000008b800000|100%| E|CS|TAMS 0x000000008b700000, 0x000000008b700000| Complete 
|1988|0x00000000ffe00000, 0x00000000ffe76000, 0x00000000fff00000| 46%|OA|  |TAMS 0x00000000ffe00000, 0x00000000ffe00000| Untracked 
|1989|0x00000000fff00000, 0x00000000fff82000, 0x0000000100000000| 50%|CA|  |TAMS 0x00000000fff00000, 0x00000000fff00000| Untracked 

Card table byte_map: [0x00007f264e43d000,0x00007f264e820000] _byte_map_base: 0x00007f264e020000

Marking Bits (Prev, Next): (CMBitMap*) 0x00007f2648064ec0, (CMBitMap*) 0x00007f2648064f00
 Prev Bits: [0x00007f264c142000, 0x00007f264e05a000)
 Next Bits: [0x00007f262f857000, 0x00007f263176f000)

Polling page: 0x00007f2650b76000

Metaspace:

Usage:
  Non-class:      2,32 MB used.
      Class:    273,09 KB used.
       Both:      2,58 MB used.

Virtual space:
  Non-class space:        8,00 MB reserved,       2,38 MB ( 30%) committed,  1 nodes.
      Class space:        1,00 GB reserved,     384,00 KB ( <1%) committed,  1 nodes.
             Both:        1,01 GB reserved,       2,75 MB ( <1%) committed. 

Chunk freelists:
   Non-Class:  3,58 MB
       Class:  3,67 MB
        Both:  7,25 MB

MaxMetaspaceSize: unlimited
CompressedClassSpaceSize: 1,00 GB
Initial GC threshold: 21,00 MB
Current GC threshold: 21,00 MB
CDS: on
MetaspaceReclaimPolicy: balanced
 - commit_granule_bytes: 65536.
 - commit_granule_words: 8192.
 - virtual_space_node_default_size: 1048576.
 - enlarge_chunks_in_place: 1.
 - new_chunks_are_fully_committed: 0.
 - uncommit_free_chunks: 1.
 - use_allocation_guard: 0.
 - handle_deallocations: 1.


Internal statistics:

num_allocs_failed_limit: 0.
num_arena_births: 26.
num_arena_deaths: 0.
num_vsnodes_births: 2.
num_vsnodes_deaths: 0.
num_space_committed: 44.
num_space_uncommitted: 0.
num_chunks_returned_to_freelist: 0.
num_chunks_taken_from_freelist: 57.
num_chunk_merges: 0.
num_chunk_splits: 33.
num_chunks_enlarged: 22.
num_purges: 0.
num_inconsistent_stats: 0.

CodeHeap 'non-profiled nmethods': size=120032Kb used=127Kb max_used=127Kb free=119904Kb
 bounds [0x00007f2639237000, 0x00007f26394a7000, 0x00007f264076f000]
CodeHeap 'profiled nmethods': size=120028Kb used=511Kb max_used=511Kb free=119516Kb
 bounds [0x00007f2631d00000, 0x00007f2631f70000, 0x00007f2639237000]
CodeHeap 'non-nmethods': size=5700Kb used=1132Kb max_used=1148Kb free=4567Kb
 bounds [0x00007f263176f000, 0x00007f26319df000, 0x00007f2631d00000]
 total_blobs=816 nmethods=395 adapters=335
 compilation: enabled
              stopped_count=0, restarted_count=0
 full_count=0

Compilation events (20 events):
Event: 0,291 Thread 0x00007f26481222b0  383       3       java.lang.PublicMethods$Key::matches (31 bytes)
Event: 0,291 Thread 0x00007f26481222b0 nmethod 383 0x00007f2631d79e10 code [0x00007f2631d79fe0, 0x00007f2631d7a330]
Event: 0,293 Thread 0x00007f2648120d80  384 %     4       java.lang.StringLatin1::indexOfChar @ 7 (33 bytes)
Event: 0,294 Thread 0x00007f26481222b0  385       3       java.lang.StringLatin1::regionMatchesCI (98 bytes)
Event: 0,294 Thread 0x00007f26481222b0 nmethod 385 0x00007f2631d7a510 code [0x00007f2631d7a760, 0x00007f2631d7aed0]
Event: 0,294 Thread 0x00007f26481222b0  386       1       java.security.CodeSource::getLocation (5 bytes)
Event: 0,294 Thread 0x00007f26481222b0 nmethod 386 0x00007f2639255a10 code [0x00007f2639255ba0, 0x00007f2639255c70]
Event: 0,296 Thread 0x00007f26481222b0  387       3       java.util.zip.ZipFile$Source::zipCoderForPos (39 bytes)
Event: 0,297 Thread 0x00007f26481222b0 nmethod 387 0x00007f2631d7b210 code [0x00007f2631d7b3e0, 0x00007f2631d7b7c0]
Event: 0,297 Thread 0x00007f26481222b0  388       3       java.util.zip.ZipUtils::CENNAM (9 bytes)
Event: 0,297 Thread 0x00007f26481222b0 nmethod 388 0x00007f2631d7b990 code [0x00007f2631d7bb40, 0x00007f2631d7bcf0]
Event: 0,297 Thread 0x00007f26481222b0  389       3       jdk.internal.ref.CleanerImpl::getCleanerImpl (13 bytes)
Event: 0,297 Thread 0x00007f26481222b0 nmethod 389 0x00007f2631d7be10 code [0x00007f2631d7bfc0, 0x00007f2631d7c280]
Event: 0,297 Thread 0x00007f26481222b0  390       1       java.lang.NamedPackage::module (5 bytes)
Event: 0,297 Thread 0x00007f26481222b0 nmethod 390 0x00007f2639255d10 code [0x00007f2639255ea0, 0x00007f2639255f70]
Event: 0,297 Thread 0x00007f26481222b0  391       3       java.lang.StringConcatHelper::initialCoder (14 bytes)
Event: 0,297 Thread 0x00007f26481222b0 nmethod 391 0x00007f2631d7c390 code [0x00007f2631d7c520, 0x00007f2631d7c630]
Event: 0,298 Thread 0x00007f26481222b0  394   !   3       jdk.internal.loader.BuiltinClassLoader::loadClassOrNull (143 bytes)
Event: 0,298 Thread 0x00007f2648120d80 nmethod 384% 0x00007f2639256490 code [0x00007f2639256620, 0x00007f2639256898]
Event: 0,298 Thread 0x00007f2648120d80  393       4       java.lang.StringCoding::hasNegatives (25 bytes)

GC Heap History (0 events):
No events

Deoptimization events (10 events):
Event: 0,114 Thread 0x00007f2648025ac0 Uncommon trap: trap_request=0xfffffff4 fr.pc=0x00007f263923e84c relative=0x00000000000001ac
Event: 0,114 Thread 0x00007f2648025ac0 Uncommon trap: reason=null_check action=make_not_entrant pc=0x00007f263923e84c method=java.lang.String.equals(Ljava/lang/Object;)Z @ 8 c2
Event: 0,114 Thread 0x00007f2648025ac0 DEOPT PACKING pc=0x00007f263923e84c sp=0x00007f264f5554a0
Event: 0,114 Thread 0x00007f2648025ac0 DEOPT UNPACKING pc=0x00007f26317c1099 sp=0x00007f264f555468 mode 2
Event: 0,185 Thread 0x00007f2648025ac0 Uncommon trap: trap_request=0xffffff45 fr.pc=0x00007f2639242fa0 relative=0x0000000000000740
Event: 0,185 Thread 0x00007f2648025ac0 Uncommon trap: reason=unstable_if action=reinterpret pc=0x00007f2639242fa0 method=java.util.HashMap.putVal(ILjava/lang/Object;Ljava/lang/Object;ZZ)Ljava/lang/Object; @ 181 c2
Event: 0,185 Thread 0x00007f2648025ac0 DEOPT PACKING pc=0x00007f2639242fa0 sp=0x00007f264f555260
Event: 0,185 Thread 0x00007f2648025ac0 DEOPT UNPACKING pc=0x00007f26317c1099 sp=0x00007f264f555200 mode 2
Event: 0,297 Thread 0x00007f2648025ac0 DEOPT PACKING pc=0x00007f2631d383d5 sp=0x00007f264f556120
Event: 0,297 Thread 0x00007f2648025ac0 DEOPT UNPACKING pc=0x00007f26317c182f sp=0x00007f264f5555e0 mode 0

Classes unloaded (0 events):
No events

Classes redefined (0 events):
No events

Internal exceptions (9 events):
Event: 0,114 Thread 0x00007f2648025ac0 Implicit null exception at 0x00007f263923e6d5 to 0x00007f263923e83c
Event: 0,130 Thread 0x00007f2648202ad0 Exception <a 'java/lang/NoSuchMethodError'{0x000000008b6da7a8}: 'java.lang.Object java.lang.invoke.DirectMethodHandle$Holder.invokeStaticInit(java.lang.Object)'> (0x000000008b6da7a8) 
thrown [open/src/hotspot/share/interpreter/linkResolver.cpp, line 765]
Event: 0,156 Thread 0x00007f2648202ad0 Exception <a 'java/lang/NoSuchMethodError'{0x000000008b6e8ed8}: 'void java.lang.invoke.DirectMethodHandle$Holder.invokeStatic(java.lang.Object, java.lang.Object)'> (0x000000008b6e8ed8) 
thrown [open/src/hotspot/share/interpreter/linkResolver.cpp, line 765]
Event: 0,232 Thread 0x00007f2648025ac0 Exception <a 'java/lang/NoSuchMethodError'{0x000000008b436058}: 'java.lang.Object java.lang.invoke.DirectMethodHandle$Holder.invokeStaticInit(java.lang.Object, java.lang.Object, long, java.lang.Object)'> (0x000000008b436058) 
thrown [open/src/hotspot/share/interpreter/linkResolver.cpp, line 765]
Event: 0,233 Thread 0x00007f2648025ac0 Exception <a 'java/lang/NoSuchMethodError'{0x000000008b43c920}: 'java.lang.Object java.lang.invoke.DirectMethodHandle$Holder.newInvokeSpecial(java.lang.Object, java.lang.Object, long)'> (0x000000008b43c920) 
thrown [open/src/hotspot/share/interpreter/linkResolver.cpp, line 765]
Event: 0,234 Thread 0x00007f2648025ac0 Exception <a 'java/lang/NoSuchMethodError'{0x000000008b440c10}: 'java.lang.Object java.lang.invoke.Invokers$Holder.linkToTargetMethod(java.lang.Object, long, java.lang.Object)'> (0x000000008b440c10) 
thrown [open/src/hotspot/share/interpreter/linkResolver.cpp, line 765]
Event: 0,236 Thread 0x00007f2648025ac0 Exception <a 'java/lang/NoSuchMethodError'{0x000000008b448998}: 'java.lang.Object java.lang.invoke.DirectMethodHandle$Holder.newInvokeSpecial(java.lang.Object, java.lang.Object, java.lang.Object, int)'> (0x000000008b448998) 
thrown [open/src/hotspot/share/interpreter/linkResolver.cpp, line 765]
Event: 0,237 Thread 0x00007f2648025ac0 Exception <a 'java/lang/NoSuchMethodError'{0x000000008b44cd78}: 'java.lang.Object java.lang.invoke.DirectMethodHandle$Holder.invokeSpecial(java.lang.Object, java.lang.Object, java.lang.Object, java.lang.Object, int)'> (0x000000008b44cd78) 
thrown [open/src/hotspot/share/interpreter/linkResolver.cpp, line 765]
Event: 0,237 Thread 0x00007f2648025ac0 Exception <a 'java/lang/NoSuchMethodError'{0x000000008b450940}: 'java.lang.Object java.lang.invoke.Invokers$Holder.linkToTargetMethod(java.lang.Object, java.lang.Object, int, java.lang.Object)'> (0x000000008b450940) 
thrown [open/src/hotspot/share/interpreter/linkResolver.cpp, line 765]

VM Operations (6 events):
Event: 0,128 Executing VM operation: HandshakeAllThreads
Event: 0,128 Executing VM operation: HandshakeAllThreads done
Event: 0,215 Executing VM operation: HandshakeAllThreads
Event: 0,215 Executing VM operation: HandshakeAllThreads done
Event: 0,221 Executing VM operation: HandshakeAllThreads
Event: 0,221 Executing VM operation: HandshakeAllThreads done

Events (20 events):
Event: 0,277 loading class java/lang/annotation/Target
Event: 0,277 loading class java/lang/annotation/Target done
Event: 0,280 loading class java/lang/Class$AnnotationData
Event: 0,280 loading class java/lang/Class$AnnotationData done
Event: 0,280 loading class java/util/LinkedList$ListItr
Event: 0,280 loading class java/util/LinkedList$ListItr done
Event: 0,281 loading class jdk/internal/reflect/UnsafeFieldAccessorFactory
Event: 0,282 loading class jdk/internal/reflect/UnsafeFieldAccessorFactory done
Event: 0,282 loading class jdk/internal/reflect/UnsafeObjectFieldAccessorImpl
Event: 0,282 loading class jdk/internal/reflect/UnsafeObjectFieldAccessorImpl done
Event: 0,282 loading class jdk/internal/reflect/UnsafeIntegerFieldAccessorImpl
Event: 0,282 loading class jdk/internal/reflect/UnsafeIntegerFieldAccessorImpl done
Event: 0,290 loading class java/lang/AssertionError
Event: 0,290 loading class java/lang/AssertionError done
Event: 0,290 loading class java/lang/reflect/TypeVariable
Event: 0,290 loading class java/lang/reflect/TypeVariable done
Event: 0,290 loading class java/lang/reflect/AnnotatedType
Event: 0,290 loading class java/lang/reflect/AnnotatedType done
Event: 0,291 loading class java/lang/TypeNotPresentException
Event: 0,291 loading class java/lang/TypeNotPresentException done


Dynamic libraries:
83a00000-8b800000 rw-p 00000000 00:00 0 
8b800000-ffe00000 ---p 00000000 00:00 0 
ffe00000-ffe76000 rw-p 00c95000 08:05 1062264                            /home/federicopolli/.jdks/openjdk-17.0.1/lib/server/classes.jsa
ffe76000-fff00000 rw-p 00000000 00:00 0 
fff00000-fff82000 rw-p 00c13000 08:05 1062264                            /home/federicopolli/.jdks/openjdk-17.0.1/lib/server/classes.jsa
fff82000-100000000 rw-p 00000000 00:00 0 
800000000-80043f000 rw-p 00001000 08:05 1062264                          /home/federicopolli/.jdks/openjdk-17.0.1/lib/server/classes.jsa
80043f000-800bda000 r--p 00440000 08:05 1062264                          /home/federicopolli/.jdks/openjdk-17.0.1/lib/server/classes.jsa
800bda000-800c00000 ---p 00000000 00:00 0 
800c00000-800c20000 rw-p 00000000 00:00 0 
800c20000-800c40000 ---p 00000000 00:00 0 
800c40000-800c80000 rw-p 00000000 00:00 0 
800c80000-840c00000 ---p 00000000 00:00 0 
559a2e8b0000-559a2e8b1000 r-xp 00000000 08:05 1061768                    /home/federicopolli/.jdks/openjdk-17.0.1/bin/java
559a2e8b2000-559a2e8b3000 r--p 00001000 08:05 1061768                    /home/federicopolli/.jdks/openjdk-17.0.1/bin/java
559a2e8b3000-559a2e8b4000 rw-p 00002000 08:05 1061768                    /home/federicopolli/.jdks/openjdk-17.0.1/bin/java
559a2f186000-559a2f1a7000 rw-p 00000000 00:00 0                          [heap]
7f25dc000000-7f25dc021000 rw-p 00000000 00:00 0 
7f25dc021000-7f25e0000000 ---p 00000000 00:00 0 
7f25e0000000-7f25e0021000 rw-p 00000000 00:00 0 
7f25e0021000-7f25e4000000 ---p 00000000 00:00 0 
7f25e4000000-7f25e4021000 rw-p 00000000 00:00 0 
7f25e4021000-7f25e8000000 ---p 00000000 00:00 0 
7f25e8000000-7f25e8021000 rw-p 00000000 00:00 0 
7f25e8021000-7f25ec000000 ---p 00000000 00:00 0 
7f25ec000000-7f25ec021000 rw-p 00000000 00:00 0 
7f25ec021000-7f25f0000000 ---p 00000000 00:00 0 
7f25f0000000-7f25f0021000 rw-p 00000000 00:00 0 
7f25f0021000-7f25f4000000 ---p 00000000 00:00 0 
7f25f4000000-7f25f40e0000 rw-p 00000000 00:00 0 
7f25f40e0000-7f25f8000000 ---p 00000000 00:00 0 
7f25f8000000-7f25f8195000 rw-p 00000000 00:00 0 
7f25f8195000-7f25fc000000 ---p 00000000 00:00 0 
7f25fc000000-7f25fc021000 rw-p 00000000 00:00 0 
7f25fc021000-7f2600000000 ---p 00000000 00:00 0 
7f2600000000-7f2600021000 rw-p 00000000 00:00 0 
7f2600021000-7f2604000000 ---p 00000000 00:00 0 
7f2604000000-7f2604021000 rw-p 00000000 00:00 0 
7f2604021000-7f2608000000 ---p 00000000 00:00 0 
7f2608000000-7f2608021000 rw-p 00000000 00:00 0 
7f2608021000-7f260c000000 ---p 00000000 00:00 0 
7f260ee6a000-7f260ee83000 r-xp 00000000 08:05 1586748                    /home/federicopolli/.cache/JNA/temp/jna13982309824796903886.tmp (deleted)
7f260ee83000-7f260f083000 ---p 00019000 08:05 1586748                    /home/federicopolli/.cache/JNA/temp/jna13982309824796903886.tmp (deleted)
7f260f083000-7f260f084000 rw-p 00019000 08:05 1586748                    /home/federicopolli/.cache/JNA/temp/jna13982309824796903886.tmp (deleted)
7f260f084000-7f260f085000 ---p 00000000 00:00 0 
7f260f085000-7f260f186000 rw-p 00000000 00:00 0 
7f260f186000-7f260f18a000 ---p 00000000 00:00 0 
7f260f18a000-7f260f287000 rw-p 00000000 00:00 0 
7f260f287000-7f260f28b000 ---p 00000000 00:00 0 
7f260f28b000-7f260f388000 rw-p 00000000 00:00 0 
7f260f388000-7f260f38c000 ---p 00000000 00:00 0 
7f260f38c000-7f260f489000 rw-p 00000000 00:00 0 
7f260f489000-7f260f48d000 ---p 00000000 00:00 0 
7f260f48d000-7f260f58a000 rw-p 00000000 00:00 0 
7f260f58a000-7f260f58e000 ---p 00000000 00:00 0 
7f260f58e000-7f260f68b000 rw-p 00000000 00:00 0 
7f260f68b000-7f260f68f000 ---p 00000000 00:00 0 
7f260f68f000-7f260f78c000 rw-p 00000000 00:00 0 
7f260f78c000-7f260f790000 ---p 00000000 00:00 0 
7f260f790000-7f260f88d000 rw-p 00000000 00:00 0 
7f260f88d000-7f260f891000 ---p 00000000 00:00 0 
7f260f891000-7f260f98e000 rw-p 00000000 00:00 0 
7f260f98e000-7f260f992000 ---p 00000000 00:00 0 
7f260f992000-7f260fa8f000 rw-p 00000000 00:00 0 
7f260fa8f000-7f2610000000 r--p 00000000 08:05 4985878                    /usr/lib/locale/locale-archive
7f2610000000-7f2610021000 rw-p 00000000 00:00 0 
7f2610021000-7f2614000000 ---p 00000000 00:00 0 
7f2614000000-7f2614021000 rw-p 00000000 00:00 0 
7f2614021000-7f2618000000 ---p 00000000 00:00 0 
7f2618000000-7f2618021000 rw-p 00000000 00:00 0 
7f2618021000-7f261c000000 ---p 00000000 00:00 0 
7f261c000000-7f261c021000 rw-p 00000000 00:00 0 
7f261c021000-7f2620000000 ---p 00000000 00:00 0 
7f2620000000-7f2620021000 rw-p 00000000 00:00 0 
7f2620021000-7f2624000000 ---p 00000000 00:00 0 
7f2624000000-7f2624021000 rw-p 00000000 00:00 0 
7f2624021000-7f2628000000 ---p 00000000 00:00 0 
7f2628000000-7f2628021000 rw-p 00000000 00:00 0 
7f2628021000-7f262c000000 ---p 00000000 00:00 0 
7f262c02c000-7f262c030000 ---p 00000000 00:00 0 
7f262c030000-7f262c12d000 rw-p 00000000 00:00 0 
7f262c12d000-7f262c131000 ---p 00000000 00:00 0 
7f262c131000-7f262c22e000 rw-p 00000000 00:00 0 
7f262c22e000-7f262c22f000 ---p 00000000 00:00 0 
7f262c22f000-7f262c330000 rw-p 00000000 00:00 0 
7f262c330000-7f262c3fe000 r-xp 00000000 08:05 1062251                    /home/federicopolli/.jdks/openjdk-17.0.1/lib/libsvml.so
7f262c3fe000-7f262c3ff000 r--p 000cd000 08:05 1062251                    /home/federicopolli/.jdks/openjdk-17.0.1/lib/libsvml.so
7f262c3ff000-7f262c400000 rw-p 000ce000 08:05 1062251                    /home/federicopolli/.jdks/openjdk-17.0.1/lib/libsvml.so
7f262c400000-7f262c5f0000 rw-p 00000000 00:00 0 
7f262c5f0000-7f262c800000 ---p 00000000 00:00 0 
7f262c800000-7f262c870000 rw-p 00000000 00:00 0 
7f262c870000-7f262cc00000 ---p 00000000 00:00 0 
7f262cc85000-7f262cc8c000 r--s 00000000 08:05 5515425                    /usr/lib/x86_64-linux-gnu/gconv/gconv-modules.cache
7f262cc8c000-7f262cc90000 ---p 00000000 00:00 0 
7f262cc90000-7f262ccae000 rw-p 00000000 00:00 0 
7f262ccae000-7f262ccc3000 r-xp 00000000 08:05 1062244                    /home/federicopolli/.jdks/openjdk-17.0.1/lib/libnet.so
7f262ccc3000-7f262ccc4000 ---p 00015000 08:05 1062244                    /home/federicopolli/.jdks/openjdk-17.0.1/lib/libnet.so
7f262ccc4000-7f262ccc5000 r--p 00015000 08:05 1062244                    /home/federicopolli/.jdks/openjdk-17.0.1/lib/libnet.so
7f262ccc5000-7f262ccc6000 rw-p 00016000 08:05 1062244                    /home/federicopolli/.jdks/openjdk-17.0.1/lib/libnet.so
7f262ccc6000-7f262cd47000 rw-p 00000000 00:00 0 
7f262cd47000-7f262cd48000 ---p 00000000 00:00 0 
7f262cd48000-7f262ce49000 rw-p 00000000 00:00 0 
7f262ce49000-7f262ce4a000 ---p 00000000 00:00 0 
7f262ce4a000-7f262f551000 rw-p 00000000 00:00 0 
7f262f551000-7f262f552000 ---p 00000000 00:00 0 
7f262f552000-7f262f653000 rw-p 00000000 00:00 0 
7f262f653000-7f262f654000 ---p 00000000 00:00 0 
7f262f654000-7f262f755000 rw-p 00000000 00:00 0 
7f262f755000-7f262f756000 ---p 00000000 00:00 0 
7f262f756000-7f262fa4f000 rw-p 00000000 00:00 0 
7f262fa4f000-7f2631767000 ---p 00000000 00:00 0 
7f2631767000-7f263176f000 rw-p 00000000 00:00 0 
7f263176f000-7f26319df000 rwxp 00000000 00:00 0 
7f26319df000-7f2631d00000 ---p 00000000 00:00 0 
7f2631d00000-7f2631f70000 rwxp 00000000 00:00 0 
7f2631f70000-7f2639237000 ---p 00000000 00:00 0 
7f2639237000-7f26394a7000 rwxp 00000000 00:00 0 
7f26394a7000-7f264076f000 ---p 00000000 00:00 0 
7f264076f000-7f2648000000 r--s 00000000 08:05 1062255                    /home/federicopolli/.jdks/openjdk-17.0.1/lib/modules
7f2648000000-7f26482ad000 rw-p 00000000 00:00 0 
7f26482ad000-7f264c000000 ---p 00000000 00:00 0 
7f264c006000-7f264c019000 r-xp 00000000 08:05 1062245                    /home/federicopolli/.jdks/openjdk-17.0.1/lib/libnio.so
7f264c019000-7f264c01a000 r--p 00012000 08:05 1062245                    /home/federicopolli/.jdks/openjdk-17.0.1/lib/libnio.so
7f264c01a000-7f264c01b000 rw-p 00013000 08:05 1062245                    /home/federicopolli/.jdks/openjdk-17.0.1/lib/libnio.so
7f264c01b000-7f264c022000 r-xp 00000000 08:05 1062254                    /home/federicopolli/.jdks/openjdk-17.0.1/lib/libzip.so
7f264c022000-7f264c023000 ---p 00007000 08:05 1062254                    /home/federicopolli/.jdks/openjdk-17.0.1/lib/libzip.so
7f264c023000-7f264c024000 r--p 00007000 08:05 1062254                    /home/federicopolli/.jdks/openjdk-17.0.1/lib/libzip.so
7f264c024000-7f264c025000 rw-p 00008000 08:05 1062254                    /home/federicopolli/.jdks/openjdk-17.0.1/lib/libzip.so
7f264c025000-7f264c33a000 rw-p 00000000 00:00 0 
7f264c33a000-7f264e052000 ---p 00000000 00:00 0 
7f264e052000-7f264e099000 rw-p 00000000 00:00 0 
7f264e099000-7f264e43c000 ---p 00000000 00:00 0 
7f264e43c000-7f264e47c000 rw-p 00000000 00:00 0 
7f264e47c000-7f264e81f000 ---p 00000000 00:00 0 
7f264e81f000-7f264e85f000 rw-p 00000000 00:00 0 
7f264e85f000-7f264ec02000 ---p 00000000 00:00 0 
7f264ec02000-7f264f20e000 rw-p 00000000 00:00 0 
7f264f20e000-7f264f2f4000 ---p 00000000 00:00 0 
7f264f2f4000-7f264f2f9000 rw-p 00000000 00:00 0 
7f264f2f9000-7f264f3df000 ---p 00000000 00:00 0 
7f264f3df000-7f264f3e4000 rw-p 00000000 00:00 0 
7f264f3e4000-7f264f3eb000 ---p 00000000 00:00 0 
7f264f3eb000-7f264f3ee000 r--p 00000000 08:05 4982910                    /usr/lib/x86_64-linux-gnu/libnss_files-2.31.so
7f264f3ee000-7f264f3f5000 r-xp 00003000 08:05 4982910                    /usr/lib/x86_64-linux-gnu/libnss_files-2.31.so
7f264f3f5000-7f264f3f7000 r--p 0000a000 08:05 4982910                    /usr/lib/x86_64-linux-gnu/libnss_files-2.31.so
7f264f3f7000-7f264f3f8000 r--p 0000b000 08:05 4982910                    /usr/lib/x86_64-linux-gnu/libnss_files-2.31.so
7f264f3f8000-7f264f3f9000 rw-p 0000c000 08:05 4982910                    /usr/lib/x86_64-linux-gnu/libnss_files-2.31.so
7f264f3f9000-7f264f3ff000 rw-p 00000000 00:00 0 
7f264f3ff000-7f264f400000 r--p 00000000 00:32 1369                       /media/sf_Federico/Units/Quinto Anno/Tirocinio/Code/C/JNA_C_Library/libBooks.so
7f264f400000-7f264f401000 r-xp 00001000 00:32 1369                       /media/sf_Federico/Units/Quinto Anno/Tirocinio/Code/C/JNA_C_Library/libBooks.so
7f264f401000-7f264f402000 r--p 00002000 00:32 1369                       /media/sf_Federico/Units/Quinto Anno/Tirocinio/Code/C/JNA_C_Library/libBooks.so
7f264f402000-7f264f403000 r--p 00002000 00:32 1369                       /media/sf_Federico/Units/Quinto Anno/Tirocinio/Code/C/JNA_C_Library/libBooks.so
7f264f403000-7f264f404000 rw-p 00003000 00:32 1369                       /media/sf_Federico/Units/Quinto Anno/Tirocinio/Code/C/JNA_C_Library/libBooks.so
7f264f404000-7f264f406000 r-xp 00000000 08:05 1062224                    /home/federicopolli/.jdks/openjdk-17.0.1/lib/libextnet.so
7f264f406000-7f264f407000 r--p 00001000 08:05 1062224                    /home/federicopolli/.jdks/openjdk-17.0.1/lib/libextnet.so
7f264f407000-7f264f408000 rw-p 00002000 08:05 1062224                    /home/federicopolli/.jdks/openjdk-17.0.1/lib/libextnet.so
7f264f408000-7f264f410000 rw-s 00000000 08:05 2766729                    /tmp/hsperfdata_federicopolli/36298
7f264f410000-7f264f434000 r-xp 00000000 08:05 1062231                    /home/federicopolli/.jdks/openjdk-17.0.1/lib/libjava.so
7f264f434000-7f264f435000 ---p 00024000 08:05 1062231                    /home/federicopolli/.jdks/openjdk-17.0.1/lib/libjava.so
7f264f435000-7f264f436000 r--p 00024000 08:05 1062231                    /home/federicopolli/.jdks/openjdk-17.0.1/lib/libjava.so
7f264f436000-7f264f437000 rw-p 00025000 08:05 1062231                    /home/federicopolli/.jdks/openjdk-17.0.1/lib/libjava.so
7f264f437000-7f264f438000 rw-p 00000000 00:00 0 
7f264f438000-7f264f453000 r-xp 00000000 08:05 1062235                    /home/federicopolli/.jdks/openjdk-17.0.1/lib/libjimage.so
7f264f453000-7f264f454000 ---p 0001b000 08:05 1062235                    /home/federicopolli/.jdks/openjdk-17.0.1/lib/libjimage.so
7f264f454000-7f264f456000 r--p 0001b000 08:05 1062235                    /home/federicopolli/.jdks/openjdk-17.0.1/lib/libjimage.so
7f264f456000-7f264f457000 rw-p 0001d000 08:05 1062235                    /home/federicopolli/.jdks/openjdk-17.0.1/lib/libjimage.so
7f264f457000-7f264f45b000 ---p 00000000 00:00 0 
7f264f45b000-7f264f558000 rw-p 00000000 00:00 0 
7f264f558000-7f264f567000 r--p 00000000 08:05 4982904                    /usr/lib/x86_64-linux-gnu/libm-2.31.so
7f264f567000-7f264f60e000 r-xp 0000f000 08:05 4982904                    /usr/lib/x86_64-linux-gnu/libm-2.31.so
7f264f60e000-7f264f6a5000 r--p 000b6000 08:05 4982904                    /usr/lib/x86_64-linux-gnu/libm-2.31.so
7f264f6a5000-7f264f6a6000 r--p 0014c000 08:05 4982904                    /usr/lib/x86_64-linux-gnu/libm-2.31.so
7f264f6a6000-7f264f6a7000 rw-p 0014d000 08:05 4982904                    /usr/lib/x86_64-linux-gnu/libm-2.31.so
7f264f6a7000-7f264f6aa000 r--p 00000000 08:05 4982921                    /usr/lib/x86_64-linux-gnu/librt-2.31.so
7f264f6aa000-7f264f6ae000 r-xp 00003000 08:05 4982921                    /usr/lib/x86_64-linux-gnu/librt-2.31.so
7f264f6ae000-7f264f6af000 r--p 00007000 08:05 4982921                    /usr/lib/x86_64-linux-gnu/librt-2.31.so
7f264f6af000-7f264f6b0000 ---p 00008000 08:05 4982921                    /usr/lib/x86_64-linux-gnu/librt-2.31.so
7f264f6b0000-7f264f6b1000 r--p 00008000 08:05 4982921                    /usr/lib/x86_64-linux-gnu/librt-2.31.so
7f264f6b1000-7f264f6b2000 rw-p 00009000 08:05 4982921                    /usr/lib/x86_64-linux-gnu/librt-2.31.so
7f264f6b2000-7f26507d9000 r-xp 00000000 08:05 1062267                    /home/federicopolli/.jdks/openjdk-17.0.1/lib/server/libjvm.so
7f26507d9000-7f265088e000 r--p 01126000 08:05 1062267                    /home/federicopolli/.jdks/openjdk-17.0.1/lib/server/libjvm.so
7f265088e000-7f26508c1000 rw-p 011db000 08:05 1062267                    /home/federicopolli/.jdks/openjdk-17.0.1/lib/server/libjvm.so
7f26508c1000-7f265091d000 rw-p 00000000 00:00 0 
7f265091d000-7f2650942000 r--p 00000000 08:05 4982902                    /usr/lib/x86_64-linux-gnu/libc-2.31.so
7f2650942000-7f2650aba000 r-xp 00025000 08:05 4982902                    /usr/lib/x86_64-linux-gnu/libc-2.31.so
7f2650aba000-7f2650b04000 r--p 0019d000 08:05 4982902                    /usr/lib/x86_64-linux-gnu/libc-2.31.so
7f2650b04000-7f2650b05000 ---p 001e7000 08:05 4982902                    /usr/lib/x86_64-linux-gnu/libc-2.31.so
7f2650b05000-7f2650b08000 r--p 001e7000 08:05 4982902                    /usr/lib/x86_64-linux-gnu/libc-2.31.so
7f2650b08000-7f2650b0b000 rw-p 001ea000 08:05 4982902                    /usr/lib/x86_64-linux-gnu/libc-2.31.so
7f2650b0b000-7f2650b0f000 rw-p 00000000 00:00 0 
7f2650b0f000-7f2650b10000 r--p 00000000 08:05 4982903                    /usr/lib/x86_64-linux-gnu/libdl-2.31.so
7f2650b10000-7f2650b12000 r-xp 00001000 08:05 4982903                    /usr/lib/x86_64-linux-gnu/libdl-2.31.so
7f2650b12000-7f2650b13000 r--p 00003000 08:05 4982903                    /usr/lib/x86_64-linux-gnu/libdl-2.31.so
7f2650b13000-7f2650b14000 r--p 00003000 08:05 4982903                    /usr/lib/x86_64-linux-gnu/libdl-2.31.so
7f2650b14000-7f2650b15000 rw-p 00004000 08:05 4982903                    /usr/lib/x86_64-linux-gnu/libdl-2.31.so
7f2650b15000-7f2650b1c000 r--p 00000000 08:05 4982919                    /usr/lib/x86_64-linux-gnu/libpthread-2.31.so
7f2650b1c000-7f2650b2d000 r-xp 00007000 08:05 4982919                    /usr/lib/x86_64-linux-gnu/libpthread-2.31.so
7f2650b2d000-7f2650b32000 r--p 00018000 08:05 4982919                    /usr/lib/x86_64-linux-gnu/libpthread-2.31.so
7f2650b32000-7f2650b33000 r--p 0001c000 08:05 4982919                    /usr/lib/x86_64-linux-gnu/libpthread-2.31.so
7f2650b33000-7f2650b34000 rw-p 0001d000 08:05 4982919                    /usr/lib/x86_64-linux-gnu/libpthread-2.31.so
7f2650b34000-7f2650b38000 rw-p 00000000 00:00 0 
7f2650b38000-7f2650b47000 r-xp 00000000 08:05 1062236                    /home/federicopolli/.jdks/openjdk-17.0.1/lib/libjli.so
7f2650b47000-7f2650b48000 r--p 0000e000 08:05 1062236                    /home/federicopolli/.jdks/openjdk-17.0.1/lib/libjli.so
7f2650b48000-7f2650b49000 rw-p 0000f000 08:05 1062236                    /home/federicopolli/.jdks/openjdk-17.0.1/lib/libjli.so
7f2650b49000-7f2650b4b000 r--p 00000000 08:05 4980928                    /usr/lib/x86_64-linux-gnu/libz.so.1.2.11
7f2650b4b000-7f2650b5c000 r-xp 00002000 08:05 4980928                    /usr/lib/x86_64-linux-gnu/libz.so.1.2.11
7f2650b5c000-7f2650b62000 r--p 00013000 08:05 4980928                    /usr/lib/x86_64-linux-gnu/libz.so.1.2.11
7f2650b62000-7f2650b63000 ---p 00019000 08:05 4980928                    /usr/lib/x86_64-linux-gnu/libz.so.1.2.11
7f2650b63000-7f2650b64000 r--p 00019000 08:05 4980928                    /usr/lib/x86_64-linux-gnu/libz.so.1.2.11
7f2650b64000-7f2650b65000 rw-p 0001a000 08:05 4980928                    /usr/lib/x86_64-linux-gnu/libz.so.1.2.11
7f2650b65000-7f2650b67000 rw-p 00000000 00:00 0 
7f2650b6a000-7f2650b74000 r-xp 00000000 08:05 1062226                    /home/federicopolli/.jdks/openjdk-17.0.1/lib/libinstrument.so
7f2650b74000-7f2650b75000 r--p 00009000 08:05 1062226                    /home/federicopolli/.jdks/openjdk-17.0.1/lib/libinstrument.so
7f2650b75000-7f2650b76000 rw-p 0000a000 08:05 1062226                    /home/federicopolli/.jdks/openjdk-17.0.1/lib/libinstrument.so
7f2650b76000-7f2650b77000 ---p 00000000 00:00 0 
7f2650b77000-7f2650b78000 r--p 00000000 00:00 0 
7f2650b78000-7f2650b79000 r--p 00000000 08:05 4982898                    /usr/lib/x86_64-linux-gnu/ld-2.31.so
7f2650b79000-7f2650b9c000 r-xp 00001000 08:05 4982898                    /usr/lib/x86_64-linux-gnu/ld-2.31.so
7f2650b9c000-7f2650ba4000 r--p 00024000 08:05 4982898                    /usr/lib/x86_64-linux-gnu/ld-2.31.so
7f2650ba4000-7f2650ba5000 ---p 00000000 00:00 0 
7f2650ba5000-7f2650ba6000 r--p 0002c000 08:05 4982898                    /usr/lib/x86_64-linux-gnu/ld-2.31.so
7f2650ba6000-7f2650ba7000 rw-p 0002d000 08:05 4982898                    /usr/lib/x86_64-linux-gnu/ld-2.31.so
7f2650ba7000-7f2650ba8000 rw-p 00000000 00:00 0 
7ffe1a95e000-7ffe1a97f000 rw-p 00000000 00:00 0                          [stack]
7ffe1a9f7000-7ffe1a9fb000 r--p 00000000 00:00 0                          [vvar]
7ffe1a9fb000-7ffe1a9fd000 r-xp 00000000 00:00 0                          [vdso]
ffffffffff600000-ffffffffff601000 --xp 00000000 00:00 0                  [vsyscall]


VM Arguments:
jvm_args: -javaagent:/home/federicopolli/.local/share/JetBrains/Toolbox/apps/IDEA-C/ch-0/212.5457.46/lib/idea_rt.jar=35461:/home/federicopolli/.local/share/JetBrains/Toolbox/apps/IDEA-C/ch-0/212.5457.46/bin -Dfile.encoding=UTF-8 
java_command: testlib.Main
java_class_path (initial): /media/sf_Federico/Units/Quinto Anno/Tirocinio/Code/Java/LuaInterpreter/out/production/classes:/home/federicopolli/.gradle/caches/modules-2/files-2.1/net.java.dev.jna/jna/5.9.0/8f503e6d9b500ceff299052d6be75b38c7257758/jna-5.9.0.jar
Launcher Type: SUN_STANDARD

[Global flags]
     intx CICompilerCount                          = 3                                         {product} {ergonomic}
     uint ConcGCThreads                            = 2                                         {product} {ergonomic}
     uint G1ConcRefinementThreads                  = 6                                         {product} {ergonomic}
   size_t G1HeapRegionSize                         = 1048576                                   {product} {ergonomic}
    uintx GCDrainStackTargetSize                   = 64                                        {product} {ergonomic}
   size_t InitialHeapSize                          = 132120576                                 {product} {ergonomic}
   size_t MarkStackSize                            = 4194304                                   {product} {ergonomic}
   size_t MaxHeapSize                              = 2086666240                                {product} {ergonomic}
   size_t MaxNewSize                               = 1251999744                                {product} {ergonomic}
   size_t MinHeapDeltaBytes                        = 1048576                                   {product} {ergonomic}
   size_t MinHeapSize                              = 8388608                                   {product} {ergonomic}
    uintx NonNMethodCodeHeapSize                   = 5832780                                {pd product} {ergonomic}
    uintx NonProfiledCodeHeapSize                  = 122912730                              {pd product} {ergonomic}
    uintx ProfiledCodeHeapSize                     = 122912730                              {pd product} {ergonomic}
    uintx ReservedCodeCacheSize                    = 251658240                              {pd product} {ergonomic}
     bool SegmentedCodeCache                       = true                                      {product} {ergonomic}
   size_t SoftMaxHeapSize                          = 2086666240                             {manageable} {ergonomic}
     bool UseCompressedClassPointers               = true                           {product lp64_product} {ergonomic}
     bool UseCompressedOops                        = true                           {product lp64_product} {ergonomic}
     bool UseG1GC                                  = true                                      {product} {ergonomic}

Logging:
Log output configuration:
 #0: stdout all=warning uptime,level,tags
 #1: stderr all=off uptime,level,tags

Environment Variables:
PATH=/usr/local/sbin:/usr/local/bin:/usr/sbin:/usr/bin:/sbin:/bin:/usr/games:/usr/local/games:/snap/bin~/pycharm-community-2020.3.3/bin
USERNAME=federicopolli
SHELL=/bin/bash
DISPLAY=:0
LANG=en_US.UTF-8

Signal Handlers:
   SIGSEGV: crash_handler in libjvm.so, mask=11100100010111111101111111111110, flags=SA_RESTART|SA_SIGINFO
    SIGBUS: crash_handler in libjvm.so, mask=11100100010111111101111111111110, flags=SA_RESTART|SA_SIGINFO
    SIGFPE: crash_handler in libjvm.so, mask=11100100010111111101111111111110, flags=SA_RESTART|SA_SIGINFO
   SIGPIPE: javaSignalHandler in libjvm.so, mask=11100100010111111101111111111110, flags=SA_RESTART|SA_SIGINFO
   SIGXFSZ: javaSignalHandler in libjvm.so, mask=11100100010111111101111111111110, flags=SA_RESTART|SA_SIGINFO
    SIGILL: crash_handler in libjvm.so, mask=11100100010111111101111111111110, flags=SA_RESTART|SA_SIGINFO
   SIGUSR2: SR_handler in libjvm.so, mask=00100000000000000000000000000000, flags=SA_RESTART|SA_SIGINFO
    SIGHUP: UserHandler in libjvm.so, mask=11100100010111111101111111111110, flags=SA_RESTART|SA_SIGINFO
    SIGINT: UserHandler in libjvm.so, mask=11100100010111111101111111111110, flags=SA_RESTART|SA_SIGINFO
   SIGTERM: UserHandler in libjvm.so, mask=11100100010111111101111111111110, flags=SA_RESTART|SA_SIGINFO
   SIGQUIT: UserHandler in libjvm.so, mask=11100100010111111101111111111110, flags=SA_RESTART|SA_SIGINFO
   SIGTRAP: crash_handler in libjvm.so, mask=11100100010111111101111111111110, flags=SA_RESTART|SA_SIGINFO


---------------  S Y S T E M  ---------------

OS:
DISTRIB_ID=Ubuntu
DISTRIB_RELEASE=20.04
DISTRIB_CODENAME=focal
DISTRIB_DESCRIPTION="Ubuntu 20.04.3 LTS"
uname: Linux 5.11.0-40-generic #44~20.04.2-Ubuntu SMP Tue Oct 26 18:07:44 UTC 2021 x86_64
OS uptime: 0 days 8:18 hours
libc: glibc 2.31 NPTL 2.31 
rlimit (soft/hard): STACK 8192k/infinity , CORE 0k/infinity , NPROC 31560/31560 , NOFILE 1048576/1048576 , AS infinity/infinity , CPU infinity/infinity , DATA infinity/infinity , FSIZE infinity/infinity , MEMLOCK 65536k/65536k
load average: 1,10 0,76 0,66

/proc/meminfo:
MemTotal:        8144936 kB
MemFree:         2209544 kB
MemAvailable:    3806092 kB
Buffers:          353072 kB
Cached:          1442900 kB
SwapCached:         5800 kB
Active:           998884 kB
Inactive:        4583500 kB
Active(anon):     282936 kB
Inactive(anon):  3556344 kB
Active(file):     715948 kB
Inactive(file):  1027156 kB
Unevictable:           0 kB
Mlocked:               0 kB
SwapTotal:       2097148 kB
SwapFree:        1761088 kB
Dirty:              7808 kB
Writeback:             0 kB
AnonPages:       3782468 kB
Mapped:           886548 kB
Shmem:             52868 kB
KReclaimable:     145392 kB
Slab:             235908 kB
SReclaimable:     145392 kB
SUnreclaim:        90516 kB
KernelStack:       19120 kB
PageTables:        36864 kB
NFS_Unstable:          0 kB
Bounce:                0 kB
WritebackTmp:          0 kB
CommitLimit:     6169616 kB
Committed_AS:    9065644 kB
VmallocTotal:   34359738367 kB
VmallocUsed:       47464 kB
VmallocChunk:          0 kB
Percpu:             8032 kB
HardwareCorrupted:     0 kB
AnonHugePages:         0 kB
ShmemHugePages:        0 kB
ShmemPmdMapped:        0 kB
FileHugePages:         0 kB
FilePmdMapped:         0 kB
HugePages_Total:       0
HugePages_Free:        0
HugePages_Rsvd:        0
HugePages_Surp:        0
Hugepagesize:       2048 kB
Hugetlb:               0 kB
DirectMap4k:      485312 kB
DirectMap2M:     7903232 kB

/sys/kernel/mm/transparent_hugepage/enabled: always [madvise] never
/sys/kernel/mm/transparent_hugepage/defrag (defrag/compaction efforts parameter): always defer defer+madvise [madvise] never

Process Memory:
Virtual Size: 4966896K (peak: 4966896K)
Resident Set Size: 50688K (peak: 50688K) (anon: 23248K, file: 27440K, shmem: 0K)
Swapped out: 0K
C-Heap outstanding allocations: 5282K

/proc/sys/kernel/threads-max (system-wide limit on the number of threads): 63120
/proc/sys/vm/max_map_count (maximum number of memory map areas a process may have): 65530
/proc/sys/kernel/pid_max (system-wide limit on number of process identifiers): 4194304

container (cgroup) information:
container_type: cgroupv1
cpu_cpuset_cpus: 0-5
cpu_memory_nodes: 0
active_processor_count: 6
cpu_quota: no quota
cpu_period: 100000
cpu_shares: no shares
memory_limit_in_bytes: unlimited
memory_and_swap_limit_in_bytes: unlimited
memory_soft_limit_in_bytes: unlimited
memory_usage_in_bytes: 5259116544
memory_max_usage_in_bytes: 7404716032

KVM virtualization detected
Steal ticks since vm start: 0
Steal ticks percentage since vm start:  0,000

CPU: total 6 (initial active 6) (6 cores per cpu, 1 threads per core) family 6 model 165 stepping 2 microcode 0x0, cx8, cmov, fxsr, mmx, 3dnowpref, sse, sse2, sse3, ssse3, sse4.1, sse4.2, popcnt, lzcnt, tsc, tscinvbit, avx, avx2, aes, clmul, vzeroupper, clflush, clflushopt, hv
CPU Model and flags from /proc/cpuinfo:
model name	: Intel(R) Core(TM) i7-10750H CPU @ 2.60GHz
flags		: fpu vme de pse tsc msr pae mce cx8 apic sep mtrr pge mca cmov pat pse36 clflush mmx fxsr sse sse2 ht syscall nx rdtscp lm constant_tsc rep_good nopl xtopology nonstop_tsc cpuid tsc_known_freq pni pclmulqdq ssse3 cx16 pcid sse4_1 sse4_2 x2apic movbe popcnt aes xsave avx rdrand hypervisor lahf_lm abm 3dnowprefetch invpcid_single fsgsbase avx2 invpcid rdseed clflushopt md_clear flush_l1d arch_capabilities

Online cpus: 0-5
Offline cpus: 
BIOS frequency limitation: <Not Available>
Frequency switch latency (ns): <Not Available>
Available cpu frequencies: <Not Available>
Current governor: <Not Available>
Core performance/turbo boost: <Not Available>

Memory: 4k page, physical 8144936k(2208284k free), swap 2097148k(1761088k free)
Page Sizes: 4k

vm_info: OpenJDK 64-Bit Server VM (17.0.1+12-39) for linux-amd64 JRE (17.0.1+12-39), built on Sep 27 2021 17:31:13 by "mach5one" with gcc 10.3.0

END.
