#
# A fatal error has been detected by the Java Runtime Environment:
#
#  SIGSEGV (0xb) at pc=0x0000000000000000, pid=34959, tid=34995
#
# JRE version: OpenJDK Runtime Environment (17.0.1+12) (build 17.0.1+12-39)
# Java VM: OpenJDK 64-Bit Server VM (17.0.1+12-39, mixed mode, sharing, tiered, compressed oops, compressed class ptrs, g1 gc, linux-amd64)
# Problematic frame:
# C  0x0000000000000000
#
# Core dump will be written. Default location: Core dumps may be processed with "/usr/share/apport/apport %p %s %c %d %P %E" (or dumping to /media/sf_Federico/Units/Quinto Anno/Tirocinio/Code/Java/LuaInterpreter/core.34959)
#
# If you would like to submit a bug report, please visit:
#   https://bugreport.java.com/bugreport/crash.jsp
# The crash happened outside the Java Virtual Machine in native code.
# See problematic frame for where to report the bug.
#

---------------  S U M M A R Y ------------

Command Line: -javaagent:/home/federicopolli/.local/share/JetBrains/Toolbox/apps/IDEA-C/ch-0/212.5457.46/lib/idea_rt.jar=45521:/home/federicopolli/.local/share/JetBrains/Toolbox/apps/IDEA-C/ch-0/212.5457.46/bin -Dfile.encoding=UTF-8 gui.LuaPanel

Host: Intel(R) Core(TM) i7-10750H CPU @ 2.60GHz, 6 cores, 7G, Ubuntu 20.04.3 LTS
Time: Tue Nov 16 10:24:43 2021 CET elapsed time: 15.925546 seconds (0d 0h 0m 15s)

---------------  T H R E A D  ---------------

Current thread (0x00007f3a4834c490):  JavaThread "AWT-EventQueue-0" [_thread_in_native, id=34995, stack(0x00007f3a1ce1c000,0x00007f3a1cf1d000)]

Stack: [0x00007f3a1ce1c000,0x00007f3a1cf1d000],  sp=0x00007f3a1cf19788,  free space=1013k
Java frames: (J=compiled Java code, j=interpreted, Vv=VM code)
j  com.sun.jna.Native.invokeInt(Lcom/sun/jna/Function;JI[Ljava/lang/Object;)I+0
j  com.sun.jna.Function.invoke([Ljava/lang/Object;Ljava/lang/Class;ZI)Ljava/lang/Object;+211
j  com.sun.jna.Function.invoke(Ljava/lang/reflect/Method;[Ljava/lang/Class;Ljava/lang/Class;[Ljava/lang/Object;Ljava/util/Map;)Ljava/lang/Object;+271
j  com.sun.jna.Library$Handler.invoke(Ljava/lang/Object;Ljava/lang/reflect/Method;[Ljava/lang/Object;)Ljava/lang/Object;+390
j  jdk.proxy1.$Proxy0.lua_pcallk(Lcom/sun/jna/Pointer;IIIJLcom/sun/jna/Pointer;)I+52 jdk.proxy1
j  interpreter.LuaParser.runLoadedChunk()I+13
j  interpreter.LuaParser.parseAndRunFile(Ljava/lang/String;)Ljava/lang/String;+19
j  gui.LuaPanel.lambda$new$1(Ljava/awt/event/ActionEvent;)V+36
j  gui.LuaPanel$$Lambda$156+0x0000000800c8ba78.actionPerformed(Ljava/awt/event/ActionEvent;)V+5
j  javax.swing.AbstractButton.fireActionPerformed(Ljava/awt/event/ActionEvent;)V+84 java.desktop@17.0.1
j  javax.swing.AbstractButton$Handler.actionPerformed(Ljava/awt/event/ActionEvent;)V+5 java.desktop@17.0.1
j  javax.swing.DefaultButtonModel.fireActionPerformed(Ljava/awt/event/ActionEvent;)V+34 java.desktop@17.0.1
j  javax.swing.DefaultButtonModel.setPressed(Z)V+117 java.desktop@17.0.1
j  javax.swing.plaf.basic.BasicButtonListener.mouseReleased(Ljava/awt/event/MouseEvent;)V+35 java.desktop@17.0.1
j  java.awt.Component.processMouseEvent(Ljava/awt/event/MouseEvent;)V+64 java.desktop@17.0.1
j  javax.swing.JComponent.processMouseEvent(Ljava/awt/event/MouseEvent;)V+23 java.desktop@17.0.1
j  java.awt.Component.processEvent(Ljava/awt/AWTEvent;)V+81 java.desktop@17.0.1
j  java.awt.Container.processEvent(Ljava/awt/AWTEvent;)V+18 java.desktop@17.0.1
j  java.awt.Component.dispatchEventImpl(Ljava/awt/AWTEvent;)V+496 java.desktop@17.0.1
J 1188 c1 java.awt.Container.dispatchEventImpl(Ljava/awt/AWTEvent;)V java.desktop@17.0.1 (129 bytes) @ 0x00007f3a31e9b59c [0x00007f3a31e9b460+0x000000000000013c]
J 1187 c1 java.awt.Component.dispatchEvent(Ljava/awt/AWTEvent;)V java.desktop@17.0.1 (6 bytes) @ 0x00007f3a31e9b0bc [0x00007f3a31e9afc0+0x00000000000000fc]
j  java.awt.LightweightDispatcher.retargetMouseEvent(Ljava/awt/Component;ILjava/awt/event/MouseEvent;)V+349 java.desktop@17.0.1
j  java.awt.LightweightDispatcher.processMouseEvent(Ljava/awt/event/MouseEvent;)Z+155 java.desktop@17.0.1
j  java.awt.LightweightDispatcher.dispatchEvent(Ljava/awt/AWTEvent;)Z+50 java.desktop@17.0.1
J 1188 c1 java.awt.Container.dispatchEventImpl(Ljava/awt/AWTEvent;)V java.desktop@17.0.1 (129 bytes) @ 0x00007f3a31e9b53c [0x00007f3a31e9b460+0x00000000000000dc]
j  java.awt.Window.dispatchEventImpl(Ljava/awt/AWTEvent;)V+19 java.desktop@17.0.1
J 1187 c1 java.awt.Component.dispatchEvent(Ljava/awt/AWTEvent;)V java.desktop@17.0.1 (6 bytes) @ 0x00007f3a31e9b0bc [0x00007f3a31e9afc0+0x00000000000000fc]
j  java.awt.EventQueue.dispatchEventImpl(Ljava/awt/AWTEvent;Ljava/lang/Object;)V+41 java.desktop@17.0.1
j  java.awt.EventQueue$4.run()Ljava/lang/Void;+32 java.desktop@17.0.1
j  java.awt.EventQueue$4.run()Ljava/lang/Object;+1 java.desktop@17.0.1
J 1152 c1 java.security.ProtectionDomain$JavaSecurityAccessImpl.doIntersectionPrivilege(Ljava/security/PrivilegedAction;Ljava/security/AccessControlContext;Ljava/security/AccessControlContext;)Ljava/lang/Object; java.base@17.0.1 (22 bytes) @ 0x00007f3a31e8b354 [0x00007f3a31e8b0c0+0x0000000000000294]
J 1321 c1 java.awt.EventQueue.dispatchEvent(Ljava/awt/AWTEvent;)V java.desktop@17.0.1 (80 bytes) @ 0x00007f3a31ed0524 [0x00007f3a31ecfa60+0x0000000000000ac4]
J 1325 c1 java.awt.EventDispatchThread.pumpOneEventForFilters(I)V java.desktop@17.0.1 (113 bytes) @ 0x00007f3a31ed2e8c [0x00007f3a31ed2820+0x000000000000066c]
j  java.awt.EventDispatchThread.pumpEventsForFilter(ILjava/awt/Conditional;Ljava/awt/EventFilter;)V+35 java.desktop@17.0.1
j  java.awt.EventDispatchThread.pumpEventsForHierarchy(ILjava/awt/Conditional;Ljava/awt/Component;)V+11 java.desktop@17.0.1
j  java.awt.EventDispatchThread.pumpEvents(ILjava/awt/Conditional;)V+4 java.desktop@17.0.1
j  java.awt.EventDispatchThread.pumpEvents(Ljava/awt/Conditional;)V+3 java.desktop@17.0.1
j  java.awt.EventDispatchThread.run()V+9 java.desktop@17.0.1
v  ~StubRoutines::call_stub

siginfo: si_signo: 11 (SIGSEGV), si_code: 1 (SEGV_MAPERR), si_addr: 0x0000000000000000

Register to memory mapping:

RAX=0x0 is NULL
RBX=0x00007f3a482f4960 points into unknown readable memory: 0x0000000000000000 | 00 00 00 00 00 00 00 00
RCX=0x00007f39d40008d6 points into unknown readable memory: 06 00
RDX=0x00007f3a483b20b0 points into unknown readable memory: 0x00007f3a482f4950 | 50 49 2f 48 3a 7f 00 00
RSP=0x00007f3a1cf19788 is pointing into the stack for thread: 0x00007f3a4834c490
RBP=0x00007f3a483b11f8 points into unknown readable memory: 0x0000000000000000 | 00 00 00 00 00 00 00 00
RSI=0x00007f39d41bf030 points into unknown readable memory: 0x00007f39d41c1f60 | 60 1f 1c d4 39 7f 00 00
RDI=0x00007f3a483b11f8 points into unknown readable memory: 0x0000000000000000 | 00 00 00 00 00 00 00 00
R8 =0x00007f3a482f4980 points into unknown readable memory: 0x00007f3a1cbc39b0 | b0 39 bc 1c 3a 7f 00 00
R9 =0x0 is NULL
R10=0x00007f3a483b20b0 points into unknown readable memory: 0x00007f3a482f4950 | 50 49 2f 48 3a 7f 00 00
R11=0x00007f3a483b11f8 points into unknown readable memory: 0x0000000000000000 | 00 00 00 00 00 00 00 00
R12=0x00007f39d41c26d0 points into unknown readable memory: 0x00007f3a482f4960 | 60 49 2f 48 3a 7f 00 00
R13=0x0 is NULL
R14=0x0 is NULL
R15=0x00007f3a482f49a0 points into unknown readable memory: 0x00007f3a483b11f8 | f8 11 3b 48 3a 7f 00 00


Registers:
RAX=0x0000000000000000, RBX=0x00007f3a482f4960, RCX=0x00007f39d40008d6, RDX=0x00007f3a483b20b0
RSP=0x00007f3a1cf19788, RBP=0x00007f3a483b11f8, RSI=0x00007f39d41bf030, RDI=0x00007f3a483b11f8
R8 =0x00007f3a482f4980, R9 =0x0000000000000000, R10=0x00007f3a483b20b0, R11=0x00007f3a483b11f8
R12=0x00007f39d41c26d0, R13=0x0000000000000000, R14=0x0000000000000000, R15=0x00007f3a482f49a0
RIP=0x0000000000000000, EFLAGS=0x0000000000010246, CSGSFS=0x002b000000000033, ERR=0x0000000000000014
  TRAPNO=0x000000000000000e

Top of Stack: (sp=0x00007f3a1cf19788)
0x00007f3a1cf19788:   00007f3a1cbad17a 000000002d2c7f28
0x00007f3a1cf19798:   00007f3acf60c5f8 00007f3a2cc09b50
0x00007f3a1cf197a8:   0000000000000001 00007f3a482f4960
0x00007f3a1cf197b8:   00007f39d41bfe20 00007f3a482f4960 

Instructions: (pc=0x0000000000000000)
0xffffffffffffff00:   


Stack slot to memory mapping:
stack at sp + 0 slots: 0x00007f3a1cbad17a: <offset 0x000000000001117a> in /usr/local/lib/liblua.so at 0x00007f3a1cb9c000
stack at sp + 1 slots: 0x000000002d2c7f28 is an unknown value
stack at sp + 2 slots: 0x00007f3acf60c5f8 is an unknown value
stack at sp + 3 slots: 0x00007f3a2cc09b50 is pointing into metadata
stack at sp + 4 slots: 0x0000000000000001 is an unknown value
stack at sp + 5 slots: 0x00007f3a482f4960 points into unknown readable memory: 0x0000000000000000 | 00 00 00 00 00 00 00 00
stack at sp + 6 slots: 0x00007f39d41bfe20 points into unknown readable memory: 0x000100830000000b | 0b 00 00 00 83 00 01 00
stack at sp + 7 slots: 0x00007f3a482f4960 points into unknown readable memory: 0x0000000000000000 | 00 00 00 00 00 00 00 00


---------------  P R O C E S S  ---------------

Threads class SMR info:
_java_thread_list=0x00007f39c0002350, length=19, elements={
0x00007f3a48115450, 0x00007f3a48116830, 0x00007f3a4811cc10, 0x00007f3a4811dfc0,
0x00007f3a4811f3d0, 0x00007f3a48120d80, 0x00007f3a481222b0, 0x00007f3a48123720,
0x00007f3a4814f000, 0x00007f3a481d6020, 0x00007f3a481df950, 0x00007f3a482b1560,
0x00007f3a482d6410, 0x00007f3a4834b590, 0x00007f3a4834c490, 0x00007f3a483a6a30,
0x00007f3a48025ac0, 0x00007f3a00000d30, 0x00007f39d40209d0
}

Java Threads: ( => current thread )
  0x00007f3a48115450 JavaThread "Reference Handler" daemon [_thread_blocked, id=34977, stack(0x00007f3a2d48e000,0x00007f3a2d58f000)]
  0x00007f3a48116830 JavaThread "Finalizer" daemon [_thread_blocked, id=34978, stack(0x00007f3a2caff000,0x00007f3a2cc00000)]
  0x00007f3a4811cc10 JavaThread "Signal Dispatcher" daemon [_thread_blocked, id=34979, stack(0x00007f3a2c48d000,0x00007f3a2c58e000)]
  0x00007f3a4811dfc0 JavaThread "Service Thread" daemon [_thread_blocked, id=34980, stack(0x00007f3a2c38c000,0x00007f3a2c48d000)]
  0x00007f3a4811f3d0 JavaThread "Monitor Deflation Thread" daemon [_thread_blocked, id=34981, stack(0x00007f3a2c28b000,0x00007f3a2c38c000)]
  0x00007f3a48120d80 JavaThread "C2 CompilerThread0" daemon [_thread_blocked, id=34982, stack(0x00007f3a2c18a000,0x00007f3a2c28b000)]
  0x00007f3a481222b0 JavaThread "C1 CompilerThread0" daemon [_thread_blocked, id=34983, stack(0x00007f3a2c089000,0x00007f3a2c18a000)]
  0x00007f3a48123720 JavaThread "Sweeper thread" daemon [_thread_blocked, id=34984, stack(0x00007f3a1deff000,0x00007f3a1e000000)]
  0x00007f3a4814f000 JavaThread "Common-Cleaner" daemon [_thread_blocked, id=34986, stack(0x00007f3a1ddfe000,0x00007f3a1deff000)]
  0x00007f3a481d6020 JavaThread "Monitor Ctrl-Break" daemon [_thread_in_native, id=34989, stack(0x00007f3a1dcfd000,0x00007f3a1ddfe000)]
  0x00007f3a481df950 JavaThread "Notification Thread" daemon [_thread_blocked, id=34990, stack(0x00007f3a1dbfc000,0x00007f3a1dcfd000)]
  0x00007f3a482b1560 JavaThread "Java2D Disposer" daemon [_thread_blocked, id=34992, stack(0x00007f3a1d11f000,0x00007f3a1d220000)]
  0x00007f3a482d6410 JavaThread "AWT-XAWT" daemon [_thread_in_native, id=34993, stack(0x00007f3a1d01e000,0x00007f3a1d11f000)]
  0x00007f3a4834b590 JavaThread "AWT-Shutdown" [_thread_blocked, id=34994, stack(0x00007f3a1cf1d000,0x00007f3a1d01e000)]
=>0x00007f3a4834c490 JavaThread "AWT-EventQueue-0" [_thread_in_native, id=34995, stack(0x00007f3a1ce1c000,0x00007f3a1cf1d000)]
  0x00007f3a483a6a30 JavaThread "process reaper" daemon [_thread_blocked, id=34997, stack(0x00007f3a1cbe0000,0x00007f3a1cc02000)]
  0x00007f3a48025ac0 JavaThread "DestroyJavaVM" [_thread_blocked, id=34961, stack(0x00007f3a4df06000,0x00007f3a4e007000)]
  0x00007f3a00000d30 JavaThread "Attach Listener" daemon [_thread_blocked, id=35008, stack(0x00007f3a1ca9b000,0x00007f3a1cb9c000)]
  0x00007f39d40209d0 JavaThread "TimerQueue" daemon [_thread_blocked, id=35010, stack(0x00007f3a1c99a000,0x00007f3a1ca9b000)]

Other Threads:
  0x00007f3a48111400 VMThread "VM Thread" [stack: 0x00007f3a2d591000,0x00007f3a2d691000] [id=34975]
  0x00007f3a48027730 WatcherThread [stack: 0x00007f3a1dafc000,0x00007f3a1dbfc000] [id=34991]
  0x00007f3a48064440 GCTaskThread "GC Thread#0" [stack: 0x00007f3a4c988000,0x00007f3a4ca88000] [id=34963]
  0x00007f3a480752f0 ConcurrentGCThread "G1 Main Marker" [stack: 0x00007f3a4c886000,0x00007f3a4c986000] [id=34965]
  0x00007f3a48076250 ConcurrentGCThread "G1 Conc#0" [stack: 0x00007f3a4c784000,0x00007f3a4c884000] [id=34967]
  0x00007f3a480e47d0 ConcurrentGCThread "G1 Refine#0" [stack: 0x00007f3a4c07c000,0x00007f3a4c17c000] [id=34968]
  0x00007f3a480e56c0 ConcurrentGCThread "G1 Service" [stack: 0x00007f3a2d83f000,0x00007f3a2d93f000] [id=34969]

Threads with active compile tasks:

VM state: not at safepoint (normal execution)

VM Mutex/Monitor currently owned by a thread: None

Heap address: 0x0000000083a00000, size: 1990 MB, Compressed Oops mode: 32-bit

CDS archive(s) mapped at: [0x0000000800000000-0x0000000800bda000-0x0000000800bda000), size 12427264, SharedBaseAddress: 0x0000000800000000, ArchiveRelocationMode: 0.
Compressed class space mapped at: 0x0000000800c00000-0x0000000840c00000, reserved size: 1073741824
Narrow klass base: 0x0000000800000000, Narrow klass shift: 0, Narrow klass range: 0x100000000

GC Precious Log:
 CPUs: 6 total, 6 available
 Memory: 7954M
 Large Page Support: Disabled
 NUMA Support: Disabled
 Compressed Oops: Enabled (32-bit)
 Heap Region Size: 1M
 Heap Min Capacity: 8M
 Heap Initial Capacity: 126M
 Heap Max Capacity: 1990M
 Pre-touch: Disabled
 Parallel Workers: 6
 Concurrent Workers: 2
 Concurrent Refinement Workers: 6
 Periodic GC: Disabled

Heap:
 garbage-first heap   total 131072K, used 15328K [0x0000000083a00000, 0x0000000100000000)
  region size 1024K, 15 young (15360K), 0 survivors (0K)
 Metaspace       used 14324K, committed 14528K, reserved 1064960K
  class space    used 1598K, committed 1728K, reserved 1048576K

Heap Regions: E=young(eden), S=young(survivor), O=old, HS=humongous(starts), HC=humongous(continues), CS=collection set, F=free, OA=open archive, CA=closed archive, TAMS=top-at-mark-start (previous, next)
|   0|0x0000000083a00000, 0x0000000083a00000, 0x0000000083b00000|  0%| F|  |TAMS 0x0000000083a00000, 0x0000000083a00000| Untracked 
|   1|0x0000000083b00000, 0x0000000083b00000, 0x0000000083c00000|  0%| F|  |TAMS 0x0000000083b00000, 0x0000000083b00000| Untracked 
|   2|0x0000000083c00000, 0x0000000083c00000, 0x0000000083d00000|  0%| F|  |TAMS 0x0000000083c00000, 0x0000000083c00000| Untracked 
|   3|0x0000000083d00000, 0x0000000083d00000, 0x0000000083e00000|  0%| F|  |TAMS 0x0000000083d00000, 0x0000000083d00000| Untracked 
|   4|0x0000000083e00000, 0x0000000083e00000, 0x0000000083f00000|  0%| F|  |TAMS 0x0000000083e00000, 0x0000000083e00000| Untracked 
|   5|0x0000000083f00000, 0x0000000083f00000, 0x0000000084000000|  0%| F|  |TAMS 0x0000000083f00000, 0x0000000083f00000| Untracked 
|   6|0x0000000084000000, 0x0000000084000000, 0x0000000084100000|  0%| F|  |TAMS 0x0000000084000000, 0x0000000084000000| Untracked 
|   7|0x0000000084100000, 0x0000000084100000, 0x0000000084200000|  0%| F|  |TAMS 0x0000000084100000, 0x0000000084100000| Untracked 
|   8|0x0000000084200000, 0x0000000084200000, 0x0000000084300000|  0%| F|  |TAMS 0x0000000084200000, 0x0000000084200000| Untracked 
|   9|0x0000000084300000, 0x0000000084300000, 0x0000000084400000|  0%| F|  |TAMS 0x0000000084300000, 0x0000000084300000| Untracked 
|  10|0x0000000084400000, 0x0000000084400000, 0x0000000084500000|  0%| F|  |TAMS 0x0000000084400000, 0x0000000084400000| Untracked 
|  11|0x0000000084500000, 0x0000000084500000, 0x0000000084600000|  0%| F|  |TAMS 0x0000000084500000, 0x0000000084500000| Untracked 
|  12|0x0000000084600000, 0x0000000084600000, 0x0000000084700000|  0%| F|  |TAMS 0x0000000084600000, 0x0000000084600000| Untracked 
|  13|0x0000000084700000, 0x0000000084700000, 0x0000000084800000|  0%| F|  |TAMS 0x0000000084700000, 0x0000000084700000| Untracked 
|  14|0x0000000084800000, 0x0000000084800000, 0x0000000084900000|  0%| F|  |TAMS 0x0000000084800000, 0x0000000084800000| Untracked 
|  15|0x0000000084900000, 0x0000000084900000, 0x0000000084a00000|  0%| F|  |TAMS 0x0000000084900000, 0x0000000084900000| Untracked 
|  16|0x0000000084a00000, 0x0000000084a00000, 0x0000000084b00000|  0%| F|  |TAMS 0x0000000084a00000, 0x0000000084a00000| Untracked 
|  17|0x0000000084b00000, 0x0000000084b00000, 0x0000000084c00000|  0%| F|  |TAMS 0x0000000084b00000, 0x0000000084b00000| Untracked 
|  18|0x0000000084c00000, 0x0000000084c00000, 0x0000000084d00000|  0%| F|  |TAMS 0x0000000084c00000, 0x0000000084c00000| Untracked 
|  19|0x0000000084d00000, 0x0000000084d00000, 0x0000000084e00000|  0%| F|  |TAMS 0x0000000084d00000, 0x0000000084d00000| Untracked 
|  20|0x0000000084e00000, 0x0000000084e00000, 0x0000000084f00000|  0%| F|  |TAMS 0x0000000084e00000, 0x0000000084e00000| Untracked 
|  21|0x0000000084f00000, 0x0000000084f00000, 0x0000000085000000|  0%| F|  |TAMS 0x0000000084f00000, 0x0000000084f00000| Untracked 
|  22|0x0000000085000000, 0x0000000085000000, 0x0000000085100000|  0%| F|  |TAMS 0x0000000085000000, 0x0000000085000000| Untracked 
|  23|0x0000000085100000, 0x0000000085100000, 0x0000000085200000|  0%| F|  |TAMS 0x0000000085100000, 0x0000000085100000| Untracked 
|  24|0x0000000085200000, 0x0000000085200000, 0x0000000085300000|  0%| F|  |TAMS 0x0000000085200000, 0x0000000085200000| Untracked 
|  25|0x0000000085300000, 0x0000000085300000, 0x0000000085400000|  0%| F|  |TAMS 0x0000000085300000, 0x0000000085300000| Untracked 
|  26|0x0000000085400000, 0x0000000085400000, 0x0000000085500000|  0%| F|  |TAMS 0x0000000085400000, 0x0000000085400000| Untracked 
|  27|0x0000000085500000, 0x0000000085500000, 0x0000000085600000|  0%| F|  |TAMS 0x0000000085500000, 0x0000000085500000| Untracked 
|  28|0x0000000085600000, 0x0000000085600000, 0x0000000085700000|  0%| F|  |TAMS 0x0000000085600000, 0x0000000085600000| Untracked 
|  29|0x0000000085700000, 0x0000000085700000, 0x0000000085800000|  0%| F|  |TAMS 0x0000000085700000, 0x0000000085700000| Untracked 
|  30|0x0000000085800000, 0x0000000085800000, 0x0000000085900000|  0%| F|  |TAMS 0x0000000085800000, 0x0000000085800000| Untracked 
|  31|0x0000000085900000, 0x0000000085900000, 0x0000000085a00000|  0%| F|  |TAMS 0x0000000085900000, 0x0000000085900000| Untracked 
|  32|0x0000000085a00000, 0x0000000085a00000, 0x0000000085b00000|  0%| F|  |TAMS 0x0000000085a00000, 0x0000000085a00000| Untracked 
|  33|0x0000000085b00000, 0x0000000085b00000, 0x0000000085c00000|  0%| F|  |TAMS 0x0000000085b00000, 0x0000000085b00000| Untracked 
|  34|0x0000000085c00000, 0x0000000085c00000, 0x0000000085d00000|  0%| F|  |TAMS 0x0000000085c00000, 0x0000000085c00000| Untracked 
|  35|0x0000000085d00000, 0x0000000085d00000, 0x0000000085e00000|  0%| F|  |TAMS 0x0000000085d00000, 0x0000000085d00000| Untracked 
|  36|0x0000000085e00000, 0x0000000085e00000, 0x0000000085f00000|  0%| F|  |TAMS 0x0000000085e00000, 0x0000000085e00000| Untracked 
|  37|0x0000000085f00000, 0x0000000085f00000, 0x0000000086000000|  0%| F|  |TAMS 0x0000000085f00000, 0x0000000085f00000| Untracked 
|  38|0x0000000086000000, 0x0000000086000000, 0x0000000086100000|  0%| F|  |TAMS 0x0000000086000000, 0x0000000086000000| Untracked 
|  39|0x0000000086100000, 0x0000000086100000, 0x0000000086200000|  0%| F|  |TAMS 0x0000000086100000, 0x0000000086100000| Untracked 
|  40|0x0000000086200000, 0x0000000086200000, 0x0000000086300000|  0%| F|  |TAMS 0x0000000086200000, 0x0000000086200000| Untracked 
|  41|0x0000000086300000, 0x0000000086300000, 0x0000000086400000|  0%| F|  |TAMS 0x0000000086300000, 0x0000000086300000| Untracked 
|  42|0x0000000086400000, 0x0000000086400000, 0x0000000086500000|  0%| F|  |TAMS 0x0000000086400000, 0x0000000086400000| Untracked 
|  43|0x0000000086500000, 0x0000000086500000, 0x0000000086600000|  0%| F|  |TAMS 0x0000000086500000, 0x0000000086500000| Untracked 
|  44|0x0000000086600000, 0x0000000086600000, 0x0000000086700000|  0%| F|  |TAMS 0x0000000086600000, 0x0000000086600000| Untracked 
|  45|0x0000000086700000, 0x0000000086700000, 0x0000000086800000|  0%| F|  |TAMS 0x0000000086700000, 0x0000000086700000| Untracked 
|  46|0x0000000086800000, 0x0000000086800000, 0x0000000086900000|  0%| F|  |TAMS 0x0000000086800000, 0x0000000086800000| Untracked 
|  47|0x0000000086900000, 0x0000000086900000, 0x0000000086a00000|  0%| F|  |TAMS 0x0000000086900000, 0x0000000086900000| Untracked 
|  48|0x0000000086a00000, 0x0000000086a00000, 0x0000000086b00000|  0%| F|  |TAMS 0x0000000086a00000, 0x0000000086a00000| Untracked 
|  49|0x0000000086b00000, 0x0000000086b00000, 0x0000000086c00000|  0%| F|  |TAMS 0x0000000086b00000, 0x0000000086b00000| Untracked 
|  50|0x0000000086c00000, 0x0000000086c00000, 0x0000000086d00000|  0%| F|  |TAMS 0x0000000086c00000, 0x0000000086c00000| Untracked 
|  51|0x0000000086d00000, 0x0000000086d00000, 0x0000000086e00000|  0%| F|  |TAMS 0x0000000086d00000, 0x0000000086d00000| Untracked 
|  52|0x0000000086e00000, 0x0000000086e00000, 0x0000000086f00000|  0%| F|  |TAMS 0x0000000086e00000, 0x0000000086e00000| Untracked 
|  53|0x0000000086f00000, 0x0000000086f00000, 0x0000000087000000|  0%| F|  |TAMS 0x0000000086f00000, 0x0000000086f00000| Untracked 
|  54|0x0000000087000000, 0x0000000087000000, 0x0000000087100000|  0%| F|  |TAMS 0x0000000087000000, 0x0000000087000000| Untracked 
|  55|0x0000000087100000, 0x0000000087100000, 0x0000000087200000|  0%| F|  |TAMS 0x0000000087100000, 0x0000000087100000| Untracked 
|  56|0x0000000087200000, 0x0000000087200000, 0x0000000087300000|  0%| F|  |TAMS 0x0000000087200000, 0x0000000087200000| Untracked 
|  57|0x0000000087300000, 0x0000000087300000, 0x0000000087400000|  0%| F|  |TAMS 0x0000000087300000, 0x0000000087300000| Untracked 
|  58|0x0000000087400000, 0x0000000087400000, 0x0000000087500000|  0%| F|  |TAMS 0x0000000087400000, 0x0000000087400000| Untracked 
|  59|0x0000000087500000, 0x0000000087500000, 0x0000000087600000|  0%| F|  |TAMS 0x0000000087500000, 0x0000000087500000| Untracked 
|  60|0x0000000087600000, 0x0000000087600000, 0x0000000087700000|  0%| F|  |TAMS 0x0000000087600000, 0x0000000087600000| Untracked 
|  61|0x0000000087700000, 0x0000000087700000, 0x0000000087800000|  0%| F|  |TAMS 0x0000000087700000, 0x0000000087700000| Untracked 
|  62|0x0000000087800000, 0x0000000087800000, 0x0000000087900000|  0%| F|  |TAMS 0x0000000087800000, 0x0000000087800000| Untracked 
|  63|0x0000000087900000, 0x0000000087900000, 0x0000000087a00000|  0%| F|  |TAMS 0x0000000087900000, 0x0000000087900000| Untracked 
|  64|0x0000000087a00000, 0x0000000087a00000, 0x0000000087b00000|  0%| F|  |TAMS 0x0000000087a00000, 0x0000000087a00000| Untracked 
|  65|0x0000000087b00000, 0x0000000087b00000, 0x0000000087c00000|  0%| F|  |TAMS 0x0000000087b00000, 0x0000000087b00000| Untracked 
|  66|0x0000000087c00000, 0x0000000087c00000, 0x0000000087d00000|  0%| F|  |TAMS 0x0000000087c00000, 0x0000000087c00000| Untracked 
|  67|0x0000000087d00000, 0x0000000087d00000, 0x0000000087e00000|  0%| F|  |TAMS 0x0000000087d00000, 0x0000000087d00000| Untracked 
|  68|0x0000000087e00000, 0x0000000087e00000, 0x0000000087f00000|  0%| F|  |TAMS 0x0000000087e00000, 0x0000000087e00000| Untracked 
|  69|0x0000000087f00000, 0x0000000087f00000, 0x0000000088000000|  0%| F|  |TAMS 0x0000000087f00000, 0x0000000087f00000| Untracked 
|  70|0x0000000088000000, 0x0000000088000000, 0x0000000088100000|  0%| F|  |TAMS 0x0000000088000000, 0x0000000088000000| Untracked 
|  71|0x0000000088100000, 0x0000000088100000, 0x0000000088200000|  0%| F|  |TAMS 0x0000000088100000, 0x0000000088100000| Untracked 
|  72|0x0000000088200000, 0x0000000088200000, 0x0000000088300000|  0%| F|  |TAMS 0x0000000088200000, 0x0000000088200000| Untracked 
|  73|0x0000000088300000, 0x0000000088300000, 0x0000000088400000|  0%| F|  |TAMS 0x0000000088300000, 0x0000000088300000| Untracked 
|  74|0x0000000088400000, 0x0000000088400000, 0x0000000088500000|  0%| F|  |TAMS 0x0000000088400000, 0x0000000088400000| Untracked 
|  75|0x0000000088500000, 0x0000000088500000, 0x0000000088600000|  0%| F|  |TAMS 0x0000000088500000, 0x0000000088500000| Untracked 
|  76|0x0000000088600000, 0x0000000088600000, 0x0000000088700000|  0%| F|  |TAMS 0x0000000088600000, 0x0000000088600000| Untracked 
|  77|0x0000000088700000, 0x0000000088700000, 0x0000000088800000|  0%| F|  |TAMS 0x0000000088700000, 0x0000000088700000| Untracked 
|  78|0x0000000088800000, 0x0000000088800000, 0x0000000088900000|  0%| F|  |TAMS 0x0000000088800000, 0x0000000088800000| Untracked 
|  79|0x0000000088900000, 0x0000000088900000, 0x0000000088a00000|  0%| F|  |TAMS 0x0000000088900000, 0x0000000088900000| Untracked 
|  80|0x0000000088a00000, 0x0000000088a00000, 0x0000000088b00000|  0%| F|  |TAMS 0x0000000088a00000, 0x0000000088a00000| Untracked 
|  81|0x0000000088b00000, 0x0000000088b00000, 0x0000000088c00000|  0%| F|  |TAMS 0x0000000088b00000, 0x0000000088b00000| Untracked 
|  82|0x0000000088c00000, 0x0000000088c00000, 0x0000000088d00000|  0%| F|  |TAMS 0x0000000088c00000, 0x0000000088c00000| Untracked 
|  83|0x0000000088d00000, 0x0000000088d00000, 0x0000000088e00000|  0%| F|  |TAMS 0x0000000088d00000, 0x0000000088d00000| Untracked 
|  84|0x0000000088e00000, 0x0000000088e00000, 0x0000000088f00000|  0%| F|  |TAMS 0x0000000088e00000, 0x0000000088e00000| Untracked 
|  85|0x0000000088f00000, 0x0000000088f00000, 0x0000000089000000|  0%| F|  |TAMS 0x0000000088f00000, 0x0000000088f00000| Untracked 
|  86|0x0000000089000000, 0x0000000089000000, 0x0000000089100000|  0%| F|  |TAMS 0x0000000089000000, 0x0000000089000000| Untracked 
|  87|0x0000000089100000, 0x0000000089100000, 0x0000000089200000|  0%| F|  |TAMS 0x0000000089100000, 0x0000000089100000| Untracked 
|  88|0x0000000089200000, 0x0000000089200000, 0x0000000089300000|  0%| F|  |TAMS 0x0000000089200000, 0x0000000089200000| Untracked 
|  89|0x0000000089300000, 0x0000000089300000, 0x0000000089400000|  0%| F|  |TAMS 0x0000000089300000, 0x0000000089300000| Untracked 
|  90|0x0000000089400000, 0x0000000089400000, 0x0000000089500000|  0%| F|  |TAMS 0x0000000089400000, 0x0000000089400000| Untracked 
|  91|0x0000000089500000, 0x0000000089500000, 0x0000000089600000|  0%| F|  |TAMS 0x0000000089500000, 0x0000000089500000| Untracked 
|  92|0x0000000089600000, 0x0000000089600000, 0x0000000089700000|  0%| F|  |TAMS 0x0000000089600000, 0x0000000089600000| Untracked 
|  93|0x0000000089700000, 0x0000000089700000, 0x0000000089800000|  0%| F|  |TAMS 0x0000000089700000, 0x0000000089700000| Untracked 
|  94|0x0000000089800000, 0x0000000089800000, 0x0000000089900000|  0%| F|  |TAMS 0x0000000089800000, 0x0000000089800000| Untracked 
|  95|0x0000000089900000, 0x0000000089900000, 0x0000000089a00000|  0%| F|  |TAMS 0x0000000089900000, 0x0000000089900000| Untracked 
|  96|0x0000000089a00000, 0x0000000089a00000, 0x0000000089b00000|  0%| F|  |TAMS 0x0000000089a00000, 0x0000000089a00000| Untracked 
|  97|0x0000000089b00000, 0x0000000089b00000, 0x0000000089c00000|  0%| F|  |TAMS 0x0000000089b00000, 0x0000000089b00000| Untracked 
|  98|0x0000000089c00000, 0x0000000089c00000, 0x0000000089d00000|  0%| F|  |TAMS 0x0000000089c00000, 0x0000000089c00000| Untracked 
|  99|0x0000000089d00000, 0x0000000089d00000, 0x0000000089e00000|  0%| F|  |TAMS 0x0000000089d00000, 0x0000000089d00000| Untracked 
| 100|0x0000000089e00000, 0x0000000089e00000, 0x0000000089f00000|  0%| F|  |TAMS 0x0000000089e00000, 0x0000000089e00000| Untracked 
| 101|0x0000000089f00000, 0x0000000089f00000, 0x000000008a000000|  0%| F|  |TAMS 0x0000000089f00000, 0x0000000089f00000| Untracked 
| 102|0x000000008a000000, 0x000000008a000000, 0x000000008a100000|  0%| F|  |TAMS 0x000000008a000000, 0x000000008a000000| Untracked 
| 103|0x000000008a100000, 0x000000008a100000, 0x000000008a200000|  0%| F|  |TAMS 0x000000008a100000, 0x000000008a100000| Untracked 
| 104|0x000000008a200000, 0x000000008a200000, 0x000000008a300000|  0%| F|  |TAMS 0x000000008a200000, 0x000000008a200000| Untracked 
| 105|0x000000008a300000, 0x000000008a300000, 0x000000008a400000|  0%| F|  |TAMS 0x000000008a300000, 0x000000008a300000| Untracked 
| 106|0x000000008a400000, 0x000000008a400000, 0x000000008a500000|  0%| F|  |TAMS 0x000000008a400000, 0x000000008a400000| Untracked 
| 107|0x000000008a500000, 0x000000008a500000, 0x000000008a600000|  0%| F|  |TAMS 0x000000008a500000, 0x000000008a500000| Untracked 
| 108|0x000000008a600000, 0x000000008a600000, 0x000000008a700000|  0%| F|  |TAMS 0x000000008a600000, 0x000000008a600000| Untracked 
| 109|0x000000008a700000, 0x000000008a700000, 0x000000008a800000|  0%| F|  |TAMS 0x000000008a700000, 0x000000008a700000| Untracked 
| 110|0x000000008a800000, 0x000000008a800000, 0x000000008a900000|  0%| F|  |TAMS 0x000000008a800000, 0x000000008a800000| Untracked 
| 111|0x000000008a900000, 0x000000008aa00000, 0x000000008aa00000|100%| E|  |TAMS 0x000000008a900000, 0x000000008a900000| Complete 
| 112|0x000000008aa00000, 0x000000008ab00000, 0x000000008ab00000|100%| E|CS|TAMS 0x000000008aa00000, 0x000000008aa00000| Complete 
| 113|0x000000008ab00000, 0x000000008ac00000, 0x000000008ac00000|100%| E|CS|TAMS 0x000000008ab00000, 0x000000008ab00000| Complete 
| 114|0x000000008ac00000, 0x000000008ad00000, 0x000000008ad00000|100%| E|CS|TAMS 0x000000008ac00000, 0x000000008ac00000| Complete 
| 115|0x000000008ad00000, 0x000000008ae00000, 0x000000008ae00000|100%| E|CS|TAMS 0x000000008ad00000, 0x000000008ad00000| Complete 
| 116|0x000000008ae00000, 0x000000008af00000, 0x000000008af00000|100%| E|CS|TAMS 0x000000008ae00000, 0x000000008ae00000| Complete 
| 117|0x000000008af00000, 0x000000008b000000, 0x000000008b000000|100%| E|CS|TAMS 0x000000008af00000, 0x000000008af00000| Complete 
| 118|0x000000008b000000, 0x000000008b100000, 0x000000008b100000|100%| E|CS|TAMS 0x000000008b000000, 0x000000008b000000| Complete 
| 119|0x000000008b100000, 0x000000008b200000, 0x000000008b200000|100%| E|CS|TAMS 0x000000008b100000, 0x000000008b100000| Complete 
| 120|0x000000008b200000, 0x000000008b300000, 0x000000008b300000|100%| E|CS|TAMS 0x000000008b200000, 0x000000008b200000| Complete 
| 121|0x000000008b300000, 0x000000008b400000, 0x000000008b400000|100%| E|CS|TAMS 0x000000008b300000, 0x000000008b300000| Complete 
| 122|0x000000008b400000, 0x000000008b500000, 0x000000008b500000|100%| E|CS|TAMS 0x000000008b400000, 0x000000008b400000| Complete 
| 123|0x000000008b500000, 0x000000008b600000, 0x000000008b600000|100%| E|CS|TAMS 0x000000008b500000, 0x000000008b500000| Complete 
| 124|0x000000008b600000, 0x000000008b700000, 0x000000008b700000|100%| E|CS|TAMS 0x000000008b600000, 0x000000008b600000| Complete 
| 125|0x000000008b700000, 0x000000008b800000, 0x000000008b800000|100%| E|CS|TAMS 0x000000008b700000, 0x000000008b700000| Complete 
|1988|0x00000000ffe00000, 0x00000000ffe76000, 0x00000000fff00000| 46%|OA|  |TAMS 0x00000000ffe00000, 0x00000000ffe00000| Untracked 
|1989|0x00000000fff00000, 0x00000000fff82000, 0x0000000100000000| 50%|CA|  |TAMS 0x00000000fff00000, 0x00000000fff00000| Untracked 

Card table byte_map: [0x00007f3a4ceec000,0x00007f3a4d2cf000] _byte_map_base: 0x00007f3a4cacf000

Marking Bits (Prev, Next): (CMBitMap*) 0x00007f3a48064ec0, (CMBitMap*) 0x00007f3a48064f00
 Prev Bits: [0x00007f3a2f857000, 0x00007f3a3176f000)
 Next Bits: [0x00007f3a2d93f000, 0x00007f3a2f857000)

Polling page: 0x00007f3a4f625000

Metaspace:

Usage:
  Non-class:     12,43 MB used.
      Class:      1,56 MB used.
       Both:     13,99 MB used.

Virtual space:
  Non-class space:       16,00 MB reserved,      12,50 MB ( 78%) committed,  2 nodes.
      Class space:        1,00 GB reserved,       1,69 MB ( <1%) committed,  1 nodes.
             Both:        1,02 GB reserved,      14,19 MB (  1%) committed. 

Chunk freelists:
   Non-Class:  3,00 MB
       Class:  2,25 MB
        Both:  5,25 MB

MaxMetaspaceSize: unlimited
CompressedClassSpaceSize: 1,00 GB
Initial GC threshold: 21,00 MB
Current GC threshold: 21,00 MB
CDS: on
MetaspaceReclaimPolicy: balanced
 - commit_granule_bytes: 65536.
 - commit_granule_words: 8192.
 - virtual_space_node_default_size: 1048576.
 - enlarge_chunks_in_place: 1.
 - new_chunks_are_fully_committed: 0.
 - uncommit_free_chunks: 1.
 - use_allocation_guard: 0.
 - handle_deallocations: 1.


Internal statistics:

num_allocs_failed_limit: 0.
num_arena_births: 178.
num_arena_deaths: 0.
num_vsnodes_births: 3.
num_vsnodes_deaths: 0.
num_space_committed: 227.
num_space_uncommitted: 0.
num_chunks_returned_to_freelist: 0.
num_chunks_taken_from_freelist: 267.
num_chunk_merges: 0.
num_chunk_splits: 161.
num_chunks_enlarged: 88.
num_purges: 0.
num_inconsistent_stats: 0.

CodeHeap 'non-profiled nmethods': size=120032Kb used=532Kb max_used=532Kb free=119500Kb
 bounds [0x00007f3a39237000, 0x00007f3a394a7000, 0x00007f3a4076f000]
CodeHeap 'profiled nmethods': size=120028Kb used=3122Kb max_used=3122Kb free=116905Kb
 bounds [0x00007f3a31d00000, 0x00007f3a32010000, 0x00007f3a39237000]
CodeHeap 'non-nmethods': size=5700Kb used=1353Kb max_used=1372Kb free=4346Kb
 bounds [0x00007f3a3176f000, 0x00007f3a319df000, 0x00007f3a31d00000]
 total_blobs=2461 nmethods=1752 adapters=622
 compilation: enabled
              stopped_count=0, restarted_count=0
 full_count=0

Compilation events (20 events):
Event: 15,809 Thread 0x00007f3a481222b0 1747       3       sun.java2d.xr.XRUtils::clampToShort (29 bytes)
Event: 15,809 Thread 0x00007f3a481222b0 nmethod 1747 0x00007f3a32007790 code [0x00007f3a32007920, 0x00007f3a32007ab0]
Event: 15,809 Thread 0x00007f3a481222b0 1748       3       sun.java2d.xr.XRUtils::clampToUShort (21 bytes)
Event: 15,809 Thread 0x00007f3a481222b0 nmethod 1748 0x00007f3a32007b10 code [0x00007f3a32007ca0, 0x00007f3a32007e30]
Event: 15,809 Thread 0x00007f3a481222b0 1749       3       sun.java2d.xr.MaskTileManager::fillMask (269 bytes)
Event: 15,809 Thread 0x00007f3a48120d80 nmethod 1744 0x00007f3a392bb610 code [0x00007f3a392bb7a0, 0x00007f3a392bb8d8]
Event: 15,811 Thread 0x00007f3a481222b0 nmethod 1749 0x00007f3a32007e90 code [0x00007f3a32008220, 0x00007f3a32009830]
Event: 15,811 Thread 0x00007f3a481222b0 1750       3       sun.java2d.xr.XRCompositeManager::maskRequired (49 bytes)
Event: 15,811 Thread 0x00007f3a481222b0 nmethod 1750 0x00007f3a3200a210 code [0x00007f3a3200a3e0, 0x00007f3a3200a670]
Event: 15,811 Thread 0x00007f3a481222b0 1746       3       sun.awt.SunHints$Key::getIndex (5 bytes)
Event: 15,811 Thread 0x00007f3a481222b0 nmethod 1746 0x00007f3a3200a710 code [0x00007f3a3200a8a0, 0x00007f3a3200a9b0]
Event: 15,811 Thread 0x00007f3a481222b0 1751       3       sun.java2d.xr.DirtyRegion::setDirtyLineRegion (60 bytes)
Event: 15,811 Thread 0x00007f3a481222b0 nmethod 1751 0x00007f3a3200aa10 code [0x00007f3a3200abc0, 0x00007f3a3200adb0]
Event: 15,906 Thread 0x00007f3a48120d80 1752       4       jdk.internal.misc.Unsafe::putReferenceOpaque (9 bytes)
Event: 15,907 Thread 0x00007f3a48120d80 nmethod 1752 0x00007f3a392bb990 code [0x00007f3a392bbb00, 0x00007f3a392bbc78]
Event: 15,910 Thread 0x00007f3a481222b0 1753       3       java.awt.Container::getListenersCount (52 bytes)
Event: 15,911 Thread 0x00007f3a481222b0 nmethod 1753 0x00007f3a3200ae90 code [0x00007f3a3200b080, 0x00007f3a3200b4f0]
Event: 15,915 Thread 0x00007f3a481222b0 1754       3       java.util.AbstractList::listIterator (6 bytes)
Event: 15,917 Thread 0x00007f3a481222b0 nmethod 1754 0x00007f3a3200b610 code [0x00007f3a3200b7c0, 0x00007f3a3200b980]
Event: 15,917 Thread 0x00007f3a481222b0 1755   !   3       java.awt.KeyboardFocusManager::getFocusOwner (42 bytes)

GC Heap History (0 events):
No events

Deoptimization events (20 events):
Event: 10,642 Thread 0x00007f3a4834c490 Uncommon trap: trap_request=0xffffffde fr.pc=0x00007f3a392a72c0 relative=0x0000000000000120
Event: 10,642 Thread 0x00007f3a4834c490 Uncommon trap: reason=class_check action=maybe_recompile pc=0x00007f3a392a72c0 method=jdk.internal.misc.Unsafe.allocateUninitializedArray(Ljava/lang/Class;I)Ljava/lang/Object; @ 51 c2
Event: 10,642 Thread 0x00007f3a4834c490 DEOPT PACKING pc=0x00007f3a392a72c0 sp=0x00007f3a1cf19b80
Event: 10,642 Thread 0x00007f3a4834c490 DEOPT UNPACKING pc=0x00007f3a317c1099 sp=0x00007f3a1cf19b28 mode 2
Event: 10,642 Thread 0x00007f3a4834c490 Uncommon trap: trap_request=0xffffffde fr.pc=0x00007f3a392a72c0 relative=0x0000000000000120
Event: 10,642 Thread 0x00007f3a4834c490 Uncommon trap: reason=class_check action=maybe_recompile pc=0x00007f3a392a72c0 method=jdk.internal.misc.Unsafe.allocateUninitializedArray(Ljava/lang/Class;I)Ljava/lang/Object; @ 51 c2
Event: 10,642 Thread 0x00007f3a4834c490 DEOPT PACKING pc=0x00007f3a392a72c0 sp=0x00007f3a1cf19b80
Event: 10,642 Thread 0x00007f3a4834c490 DEOPT UNPACKING pc=0x00007f3a317c1099 sp=0x00007f3a1cf19b28 mode 2
Event: 11,555 Thread 0x00007f3a482d6410 Uncommon trap: trap_request=0xffffffde fr.pc=0x00007f3a39299620 relative=0x00000000000004c0
Event: 11,555 Thread 0x00007f3a482d6410 Uncommon trap: reason=class_check action=maybe_recompile pc=0x00007f3a39299620 method=sun.util.logging.PlatformLogger.finest(Ljava/lang/String;)V @ 12 c2
Event: 11,555 Thread 0x00007f3a482d6410 DEOPT PACKING pc=0x00007f3a39299620 sp=0x00007f3a1d11d510
Event: 11,555 Thread 0x00007f3a482d6410 DEOPT UNPACKING pc=0x00007f3a317c1099 sp=0x00007f3a1d11d4d8 mode 2
Event: 11,675 Thread 0x00007f3a482d6410 Uncommon trap: trap_request=0xffffffde fr.pc=0x00007f3a39299620 relative=0x00000000000004c0
Event: 11,675 Thread 0x00007f3a482d6410 Uncommon trap: reason=class_check action=maybe_recompile pc=0x00007f3a39299620 method=sun.util.logging.PlatformLogger.finest(Ljava/lang/String;)V @ 12 c2
Event: 11,675 Thread 0x00007f3a482d6410 DEOPT PACKING pc=0x00007f3a39299620 sp=0x00007f3a1d11d510
Event: 11,675 Thread 0x00007f3a482d6410 DEOPT UNPACKING pc=0x00007f3a317c1099 sp=0x00007f3a1d11d4d8 mode 2
Event: 15,910 Thread 0x00007f3a482d6410 Uncommon trap: trap_request=0xffffffde fr.pc=0x00007f3a39299620 relative=0x00000000000004c0
Event: 15,910 Thread 0x00007f3a482d6410 Uncommon trap: reason=class_check action=maybe_recompile pc=0x00007f3a39299620 method=sun.util.logging.PlatformLogger.finest(Ljava/lang/String;)V @ 12 c2
Event: 15,910 Thread 0x00007f3a482d6410 DEOPT PACKING pc=0x00007f3a39299620 sp=0x00007f3a1d11d510
Event: 15,910 Thread 0x00007f3a482d6410 DEOPT UNPACKING pc=0x00007f3a317c1099 sp=0x00007f3a1d11d4d8 mode 2

Classes unloaded (0 events):
No events

Classes redefined (0 events):
No events

Internal exceptions (20 events):
Event: 0,117 Thread 0x00007f3a481d6020 Exception <a 'java/lang/NoSuchMethodError'{0x000000008b6e8f18}: 'void java.lang.invoke.DirectMethodHandle$Holder.invokeStatic(java.lang.Object, java.lang.Object)'> (0x000000008b6e8f18) 
thrown [open/src/hotspot/share/interpreter/linkResolver.cpp, line 765]
Event: 0,125 Thread 0x00007f3a48025ac0 Exception <a 'java/lang/ClassNotFoundException'{0x000000008b6950c8}: sun/awt/resources/spi/awtProvider> (0x000000008b6950c8) 
thrown [open/src/hotspot/share/classfile/systemDictionary.cpp, line 256]
Event: 0,164 Thread 0x00007f3a48025ac0 Exception <a 'java/io/FileNotFoundException'{0x000000008b516bd0}> (0x000000008b516bd0) 
thrown [open/src/hotspot/share/prims/jni.cpp, line 516]
Event: 0,175 Thread 0x00007f3a48025ac0 Exception <a 'java/io/FileNotFoundException'{0x000000008b5438d8}> (0x000000008b5438d8) 
thrown [open/src/hotspot/share/prims/jni.cpp, line 516]
Event: 0,295 Thread 0x00007f3a48025ac0 Exception <a 'java/lang/NoSuchMethodError'{0x000000008b5f7de0}: 'void java.lang.invoke.DirectMethodHandle$Holder.invokeSpecial(java.lang.Object, java.lang.Object, java.lang.Object)'> (0x000000008b5f7de0) 
thrown [open/src/hotspot/share/interpreter/linkResolver.cpp, line 765]
Event: 0,303 Thread 0x00007f3a48025ac0 Exception <a 'java/lang/NoSuchMethodError'{0x000000008b4231f0}: 'java.lang.Object java.lang.invoke.DirectMethodHandle$Holder.newInvokeSpecial(java.lang.Object, java.lang.Object, java.lang.Object, java.lang.Object, java.lang.Object)'> (0x000000008b4231f0) 
thrown [open/src/hotspot/share/interpreter/linkResolver.cpp, line 765]
Event: 0,306 Thread 0x00007f3a48025ac0 Exception <a 'java/lang/NoSuchMethodError'{0x000000008b42ebb8}: 'java.lang.Object java.lang.invoke.DirectMethodHandle$Holder.invokeStatic(java.lang.Object, int, java.lang.Object, java.lang.Object, java.lang.Object, java.lang.Object)'> (0x000000008b42ebb8) 
thrown [open/src/hotspot/share/interpreter/linkResolver.cpp, line 765]
Event: 0,311 Thread 0x00007f3a48025ac0 Exception <a 'java/lang/NoSuchMethodError'{0x000000008b454348}: 'java.lang.Object java.lang.invoke.DirectMethodHandle$Holder.invokeStatic(java.lang.Object, int, java.lang.Object)'> (0x000000008b454348) 
thrown [open/src/hotspot/share/interpreter/linkResolver.cpp, line 765]
Event: 0,351 Thread 0x00007f3a48025ac0 Exception <a 'java/lang/ClassNotFoundException'{0x000000008b339698}: com/sun/swing/internal/plaf/metal/resources/spi/metalProvider> (0x000000008b339698) 
thrown [open/src/hotspot/share/classfile/systemDictionary.cpp, line 256]
Event: 0,352 Thread 0x00007f3a48025ac0 Exception <a 'java/lang/ClassNotFoundException'{0x000000008b33d298}: com/sun/swing/internal/plaf/basic/resources/spi/basicProvider> (0x000000008b33d298) 
thrown [open/src/hotspot/share/classfile/systemDictionary.cpp, line 256]
Event: 0,493 Thread 0x00007f3a48025ac0 Exception <a 'java/lang/NoSuchMethodError'{0x000000008b1521e8}: 'java.lang.Object java.lang.invoke.DirectMethodHandle$Holder.invokeStaticInit(java.lang.Object, java.lang.Object, long, java.lang.Object)'> (0x000000008b1521e8) 
thrown [open/src/hotspot/share/interpreter/linkResolver.cpp, line 765]
Event: 0,493 Thread 0x00007f3a48025ac0 Exception <a 'java/lang/NoSuchMethodError'{0x000000008b1587f8}: 'java.lang.Object java.lang.invoke.DirectMethodHandle$Holder.newInvokeSpecial(java.lang.Object, java.lang.Object, long)'> (0x000000008b1587f8) 
thrown [open/src/hotspot/share/interpreter/linkResolver.cpp, line 765]
Event: 0,494 Thread 0x00007f3a48025ac0 Exception <a 'java/lang/NoSuchMethodError'{0x000000008b15c368}: 'java.lang.Object java.lang.invoke.Invokers$Holder.linkToTargetMethod(java.lang.Object, long, java.lang.Object)'> (0x000000008b15c368) 
thrown [open/src/hotspot/share/interpreter/linkResolver.cpp, line 765]
Event: 0,497 Thread 0x00007f3a48025ac0 Exception <a 'java/lang/NoSuchMethodError'{0x000000008b167b70}: 'java.lang.Object java.lang.invoke.DirectMethodHandle$Holder.newInvokeSpecial(java.lang.Object, java.lang.Object, java.lang.Object, int)'> (0x000000008b167b70) 
thrown [open/src/hotspot/share/interpreter/linkResolver.cpp, line 765]
Event: 0,498 Thread 0x00007f3a48025ac0 Exception <a 'java/lang/NoSuchMethodError'{0x000000008b16c198}: 'java.lang.Object java.lang.invoke.DirectMethodHandle$Holder.invokeSpecial(java.lang.Object, java.lang.Object, java.lang.Object, java.lang.Object, int)'> (0x000000008b16c198) 
thrown [open/src/hotspot/share/interpreter/linkResolver.cpp, line 765]
Event: 0,498 Thread 0x00007f3a48025ac0 Exception <a 'java/lang/NoSuchMethodError'{0x000000008b16fd60}: 'java.lang.Object java.lang.invoke.Invokers$Holder.linkToTargetMethod(java.lang.Object, java.lang.Object, int, java.lang.Object)'> (0x000000008b16fd60) 
thrown [open/src/hotspot/share/interpreter/linkResolver.cpp, line 765]
Event: 0,546 Thread 0x00007f3a48025ac0 Exception <a 'java/lang/NoSuchMethodError'{0x000000008b07ea00}: 'void java.lang.invoke.DirectMethodHandle$Holder.invokeStaticInit(java.lang.Object)'> (0x000000008b07ea00) 
thrown [open/src/hotspot/share/interpreter/linkResolver.cpp, line 765]
Event: 10,602 Thread 0x00007f3a4834c490 Exception <a 'java/lang/NoSuchMethodError'{0x000000008acd0780}: 'void java.lang.invoke.DirectMethodHandle$Holder.invokeStatic(java.lang.Object, java.lang.Object, java.lang.Object)'> (0x000000008acd0780) 
thrown [open/src/hotspot/share/interpreter/linkResolver.cpp, line 765]
Event: 10,611 Thread 0x00007f39d40324d0 Exception <a 'java/lang/NoSuchMethodError'{0x000000008ab0d660}: 'java.lang.Object java.lang.invoke.DirectMethodHandle$Holder.newInvokeSpecial(java.lang.Object, java.lang.Object, java.lang.Object, int, int, int, int, int)'> (0x000000008ab0d660) 
thrown [open/src/hotspot/share/interpreter/linkResolver.cpp, line 765]
Event: 10,696 Thread 0x00007f3a4834c490 Exception <a 'java/lang/NoSuchMethodError'{0x000000008aa70280}: 'int java.lang.invoke.DirectMethodHandle$Holder.invokeStatic(java.lang.Object)'> (0x000000008aa70280) 
thrown [open/src/hotspot/share/interpreter/linkResolver.cpp, line 765]

VM Operations (20 events):
Event: 7,485 Executing VM operation: Cleanup
Event: 7,485 Executing VM operation: Cleanup done
Event: 10,489 Executing VM operation: Cleanup
Event: 10,489 Executing VM operation: Cleanup done
Event: 10,607 Executing VM operation: HandshakeAllThreads
Event: 10,607 Executing VM operation: HandshakeAllThreads done
Event: 10,607 Executing VM operation: HandshakeAllThreads
Event: 10,607 Executing VM operation: HandshakeAllThreads done
Event: 10,638 Executing VM operation: HandshakeAllThreads
Event: 10,638 Executing VM operation: HandshakeAllThreads done
Event: 11,638 Executing VM operation: Cleanup
Event: 11,638 Executing VM operation: Cleanup done
Event: 12,639 Executing VM operation: Cleanup
Event: 12,639 Executing VM operation: Cleanup done
Event: 13,640 Executing VM operation: Cleanup
Event: 13,640 Executing VM operation: Cleanup done
Event: 14,642 Executing VM operation: Cleanup
Event: 14,642 Executing VM operation: Cleanup done
Event: 15,644 Executing VM operation: Cleanup
Event: 15,644 Executing VM operation: Cleanup done

Events (20 events):
Event: 12,825 Thread 0x00007f39d41c52e0 Thread exited: 0x00007f39d41c52e0
Event: 12,829 loading class sun/swing/FilePane$DelayedSelectionUpdater
Event: 12,829 loading class sun/swing/FilePane$DelayedSelectionUpdater done
Event: 13,652 Thread 0x00007f39d41c5ba0 Thread added: 0x00007f39d41c5ba0
Event: 13,653 Protecting memory [0x00007f3a1c697000,0x00007f3a1c69b000] with protection modes 0
Event: 13,654 Thread 0x00007f39d41c5ba0 Thread exited: 0x00007f39d41c5ba0
Event: 14,605 Thread 0x00007f39d41c5d40 Thread added: 0x00007f39d41c5d40
Event: 14,605 Protecting memory [0x00007f3a1c697000,0x00007f3a1c69b000] with protection modes 0
Event: 14,606 Thread 0x00007f39d41c5d40 Thread exited: 0x00007f39d41c5d40
Event: 15,620 Thread 0x00007f39d40324d0 Thread exited: 0x00007f39d40324d0
Event: 15,910 loading class java/awt/KeyboardFocusManager$2
Event: 15,910 loading class java/awt/KeyboardFocusManager$2 done
Event: 15,910 loading class sun/awt/SunToolkit$1
Event: 15,910 loading class sun/awt/SunToolkit$1 done
Event: 15,910 loading class sun/awt/X11/XUnmapEvent
Event: 15,910 loading class sun/awt/X11/XUnmapEvent done
Event: 15,915 loading class java/awt/Window$1DisposeAction
Event: 15,915 loading class java/awt/Window$1DisposeAction done
Event: 15,915 loading class java/awt/Component$FlipBufferStrategy
Event: 15,916 loading class java/awt/Component$FlipBufferStrategy done


Dynamic libraries:
83a00000-8b800000 rw-p 00000000 00:00 0 
8b800000-ffe00000 ---p 00000000 00:00 0 
ffe00000-ffe76000 rw-p 00c95000 08:05 1062264                            /home/federicopolli/.jdks/openjdk-17.0.1/lib/server/classes.jsa
ffe76000-fff00000 rw-p 00000000 00:00 0 
fff00000-fff82000 rw-p 00c13000 08:05 1062264                            /home/federicopolli/.jdks/openjdk-17.0.1/lib/server/classes.jsa
fff82000-100000000 rw-p 00000000 00:00 0 
800000000-80043f000 rw-p 00001000 08:05 1062264                          /home/federicopolli/.jdks/openjdk-17.0.1/lib/server/classes.jsa
80043f000-800bda000 r--p 00440000 08:05 1062264                          /home/federicopolli/.jdks/openjdk-17.0.1/lib/server/classes.jsa
800bda000-800c00000 ---p 00000000 00:00 0 
800c00000-800c20000 rw-p 00000000 00:00 0 
800c20000-800c40000 rw-p 00000000 00:00 0 
800c40000-800ca0000 rw-p 00000000 00:00 0 
800ca0000-800cc0000 rw-p 00000000 00:00 0 
800cc0000-800d40000 rw-p 00000000 00:00 0 
800d40000-800d60000 rw-p 00000000 00:00 0 
800d60000-800da0000 rw-p 00000000 00:00 0 
800da0000-800dc0000 ---p 00000000 00:00 0 
800dc0000-800dd0000 rw-p 00000000 00:00 0 
800dd0000-840c00000 ---p 00000000 00:00 0 
561f7ff0a000-561f7ff0b000 r-xp 00000000 08:05 1061768                    /home/federicopolli/.jdks/openjdk-17.0.1/bin/java
561f7ff0c000-561f7ff0d000 r--p 00001000 08:05 1061768                    /home/federicopolli/.jdks/openjdk-17.0.1/bin/java
561f7ff0d000-561f7ff0e000 rw-p 00002000 08:05 1061768                    /home/federicopolli/.jdks/openjdk-17.0.1/bin/java
561f8111d000-561f8113e000 rw-p 00000000 00:00 0                          [heap]
7f39b4000000-7f39b4021000 rw-p 00000000 00:00 0 
7f39b4021000-7f39b8000000 ---p 00000000 00:00 0 
7f39b8000000-7f39b8021000 rw-p 00000000 00:00 0 
7f39b8021000-7f39bc000000 ---p 00000000 00:00 0 
7f39bc000000-7f39bc021000 rw-p 00000000 00:00 0 
7f39bc021000-7f39c0000000 ---p 00000000 00:00 0 
7f39c0000000-7f39c0021000 rw-p 00000000 00:00 0 
7f39c0021000-7f39c4000000 ---p 00000000 00:00 0 
7f39c4000000-7f39c4028000 rw-p 00000000 00:00 0 
7f39c4028000-7f39c8000000 ---p 00000000 00:00 0 
7f39c8000000-7f39c8021000 rw-p 00000000 00:00 0 
7f39c8021000-7f39cc000000 ---p 00000000 00:00 0 
7f39cf400000-7f39cf500000 rw-p 00000000 00:00 0 
7f39cf500000-7f39cf520000 rw-p 00000000 00:00 0 
7f39cf520000-7f39cf540000 rw-p 00000000 00:00 0 
7f39cf540000-7f39cf580000 rw-p 00000000 00:00 0 
7f39cf580000-7f39cf700000 rw-p 00000000 00:00 0 
7f39cf700000-7f39cf720000 rw-p 00000000 00:00 0 
7f39cf720000-7f39cf740000 rw-p 00000000 00:00 0 
7f39cf740000-7f39cf780000 rw-p 00000000 00:00 0 
7f39cf780000-7f39cf880000 rw-p 00000000 00:00 0 
7f39cf880000-7f39cfc00000 ---p 00000000 00:00 0 
7f39d0000000-7f39d0021000 rw-p 00000000 00:00 0 
7f39d0021000-7f39d4000000 ---p 00000000 00:00 0 
7f39d4000000-7f39d41ee000 rw-p 00000000 00:00 0 
7f39d41ee000-7f39d8000000 ---p 00000000 00:00 0 
7f39d8000000-7f39d8021000 rw-p 00000000 00:00 0 
7f39d8021000-7f39dc000000 ---p 00000000 00:00 0 
7f39dc000000-7f39dc021000 rw-p 00000000 00:00 0 
7f39dc021000-7f39e0000000 ---p 00000000 00:00 0 
7f39e0000000-7f39e0021000 rw-p 00000000 00:00 0 
7f39e0021000-7f39e4000000 ---p 00000000 00:00 0 
7f39e4000000-7f39e4021000 rw-p 00000000 00:00 0 
7f39e4021000-7f39e8000000 ---p 00000000 00:00 0 
7f39e8000000-7f39e8021000 rw-p 00000000 00:00 0 
7f39e8021000-7f39ec000000 ---p 00000000 00:00 0 
7f39ec000000-7f39ec021000 rw-p 00000000 00:00 0 
7f39ec021000-7f39f0000000 ---p 00000000 00:00 0 
7f39f0000000-7f39f04e0000 rw-p 00000000 00:00 0 
7f39f04e0000-7f39f4000000 ---p 00000000 00:00 0 
7f39f4000000-7f39f4021000 rw-p 00000000 00:00 0 
7f39f4021000-7f39f8000000 ---p 00000000 00:00 0 
7f39f8000000-7f39f8021000 rw-p 00000000 00:00 0 
7f39f8021000-7f39fc000000 ---p 00000000 00:00 0 
7f39fc000000-7f39fc2bc000 rw-p 00000000 00:00 0 
7f39fc2bc000-7f3a00000000 ---p 00000000 00:00 0 
7f3a00000000-7f3a00021000 rw-p 00000000 00:00 0 
7f3a00021000-7f3a04000000 ---p 00000000 00:00 0 
7f3a04000000-7f3a04021000 rw-p 00000000 00:00 0 
7f3a04021000-7f3a08000000 ---p 00000000 00:00 0 
7f3a08000000-7f3a08021000 rw-p 00000000 00:00 0 
7f3a08021000-7f3a0c000000 ---p 00000000 00:00 0 
7f3a0c000000-7f3a0c021000 rw-p 00000000 00:00 0 
7f3a0c021000-7f3a10000000 ---p 00000000 00:00 0 
7f3a10000000-7f3a10021000 rw-p 00000000 00:00 0 
7f3a10021000-7f3a14000000 ---p 00000000 00:00 0 
7f3a14000000-7f3a14021000 rw-p 00000000 00:00 0 
7f3a14021000-7f3a18000000 ---p 00000000 00:00 0 
7f3a18000000-7f3a18021000 rw-p 00000000 00:00 0 
7f3a18021000-7f3a1c000000 ---p 00000000 00:00 0 
7f3a1c697000-7f3a1c69b000 ---p 00000000 00:00 0 
7f3a1c69b000-7f3a1c798000 rw-p 00000000 00:00 0 
7f3a1c798000-7f3a1c79c000 ---p 00000000 00:00 0 
7f3a1c79c000-7f3a1c899000 rw-p 00000000 00:00 0 
7f3a1c899000-7f3a1c89d000 ---p 00000000 00:00 0 
7f3a1c89d000-7f3a1c99a000 rw-p 00000000 00:00 0 
7f3a1c99a000-7f3a1c99e000 ---p 00000000 00:00 0 
7f3a1c99e000-7f3a1ca9b000 rw-p 00000000 00:00 0 
7f3a1ca9b000-7f3a1ca9f000 ---p 00000000 00:00 0 
7f3a1ca9f000-7f3a1cb9c000 rw-p 00000000 00:00 0 
7f3a1cb9c000-7f3a1cba4000 r--p 00000000 08:05 5285140                    /usr/local/lib/liblua.so
7f3a1cba4000-7f3a1cbcf000 r-xp 00008000 08:05 5285140                    /usr/local/lib/liblua.so
7f3a1cbcf000-7f3a1cbdd000 r--p 00033000 08:05 5285140                    /usr/local/lib/liblua.so
7f3a1cbdd000-7f3a1cbdf000 r--p 00040000 08:05 5285140                    /usr/local/lib/liblua.so
7f3a1cbdf000-7f3a1cbe0000 rw-p 00042000 08:05 5285140                    /usr/local/lib/liblua.so
7f3a1cbe0000-7f3a1cbe4000 ---p 00000000 00:00 0 
7f3a1cbe4000-7f3a1cc02000 rw-p 00000000 00:00 0 
7f3a1cc02000-7f3a1cc1b000 r-xp 00000000 08:05 1575152                    /home/federicopolli/.cache/JNA/temp/jna16885526234960226688.tmp (deleted)
7f3a1cc1b000-7f3a1ce1b000 ---p 00019000 08:05 1575152                    /home/federicopolli/.cache/JNA/temp/jna16885526234960226688.tmp (deleted)
7f3a1ce1b000-7f3a1ce1c000 rw-p 00019000 08:05 1575152                    /home/federicopolli/.cache/JNA/temp/jna16885526234960226688.tmp (deleted)
7f3a1ce1c000-7f3a1ce20000 ---p 00000000 00:00 0 
7f3a1ce20000-7f3a1cf1d000 rw-p 00000000 00:00 0 
7f3a1cf1d000-7f3a1cf21000 ---p 00000000 00:00 0 
7f3a1cf21000-7f3a1d01e000 rw-p 00000000 00:00 0 
7f3a1d01e000-7f3a1d022000 ---p 00000000 00:00 0 
7f3a1d022000-7f3a1d11f000 rw-p 00000000 00:00 0 
7f3a1d11f000-7f3a1d123000 ---p 00000000 00:00 0 
7f3a1d123000-7f3a1d220000 rw-p 00000000 00:00 0 
7f3a1d220000-7f3a1d225000 r--p 00000000 08:05 4988353                    /usr/lib/x86_64-linux-gnu/libpng16.so.16.37.0
7f3a1d225000-7f3a1d24a000 r-xp 00005000 08:05 4988353                    /usr/lib/x86_64-linux-gnu/libpng16.so.16.37.0
7f3a1d24a000-7f3a1d256000 r--p 0002a000 08:05 4988353                    /usr/lib/x86_64-linux-gnu/libpng16.so.16.37.0
7f3a1d256000-7f3a1d257000 r--p 00035000 08:05 4988353                    /usr/lib/x86_64-linux-gnu/libpng16.so.16.37.0
7f3a1d257000-7f3a1d258000 rw-p 00036000 08:05 4988353                    /usr/lib/x86_64-linux-gnu/libpng16.so.16.37.0
7f3a1d258000-7f3a1d264000 r--p 00000000 08:05 4985791                    /usr/lib/x86_64-linux-gnu/libfreetype.so.6.17.1
7f3a1d264000-7f3a1d2e4000 r-xp 0000c000 08:05 4985791                    /usr/lib/x86_64-linux-gnu/libfreetype.so.6.17.1
7f3a1d2e4000-7f3a1d30e000 r--p 0008c000 08:05 4985791                    /usr/lib/x86_64-linux-gnu/libfreetype.so.6.17.1
7f3a1d30e000-7f3a1d30f000 ---p 000b6000 08:05 4985791                    /usr/lib/x86_64-linux-gnu/libfreetype.so.6.17.1
7f3a1d30f000-7f3a1d316000 r--p 000b6000 08:05 4985791                    /usr/lib/x86_64-linux-gnu/libfreetype.so.6.17.1
7f3a1d316000-7f3a1d317000 rw-p 000bd000 08:05 4985791                    /usr/lib/x86_64-linux-gnu/libfreetype.so.6.17.1
7f3a1d317000-7f3a1d4b6000 r-xp 00000000 08:05 1062225                    /home/federicopolli/.jdks/openjdk-17.0.1/lib/libfontmanager.so
7f3a1d4b6000-7f3a1d4b7000 ---p 0019f000 08:05 1062225                    /home/federicopolli/.jdks/openjdk-17.0.1/lib/libfontmanager.so
7f3a1d4b7000-7f3a1d4b9000 r--p 0019f000 08:05 1062225                    /home/federicopolli/.jdks/openjdk-17.0.1/lib/libfontmanager.so
7f3a1d4b9000-7f3a1d4ba000 rw-p 001a1000 08:05 1062225                    /home/federicopolli/.jdks/openjdk-17.0.1/lib/libfontmanager.so
7f3a1d4ba000-7f3a1d4bb000 rw-p 00000000 00:00 0 
7f3a1d4bb000-7f3a1d4c0000 r-xp 00000000 08:05 4987346                    /usr/lib/x86_64-linux-gnu/libXtst.so.6.1.0
7f3a1d4c0000-7f3a1d6bf000 ---p 00005000 08:05 4987346                    /usr/lib/x86_64-linux-gnu/libXtst.so.6.1.0
7f3a1d6bf000-7f3a1d6c0000 r--p 00004000 08:05 4987346                    /usr/lib/x86_64-linux-gnu/libXtst.so.6.1.0
7f3a1d6c0000-7f3a1d6c1000 rw-p 00005000 08:05 4987346                    /usr/lib/x86_64-linux-gnu/libXtst.so.6.1.0
7f3a1d6c1000-7f3a1d6ca000 r-xp 00000000 08:05 4987340                    /usr/lib/x86_64-linux-gnu/libXrender.so.1.3.0
7f3a1d6ca000-7f3a1d8c9000 ---p 00009000 08:05 4987340                    /usr/lib/x86_64-linux-gnu/libXrender.so.1.3.0
7f3a1d8c9000-7f3a1d8ca000 r--p 00008000 08:05 4987340                    /usr/lib/x86_64-linux-gnu/libXrender.so.1.3.0
7f3a1d8ca000-7f3a1d8cb000 rw-p 00009000 08:05 4987340                    /usr/lib/x86_64-linux-gnu/libXrender.so.1.3.0
7f3a1d8cb000-7f3a1d8e3000 r--p 00000000 08:05 4981398                    /usr/lib/x86_64-linux-gnu/libX11.so.6.3.0
7f3a1d8e3000-7f3a1d96e000 r-xp 00018000 08:05 4981398                    /usr/lib/x86_64-linux-gnu/libX11.so.6.3.0
7f3a1d96e000-7f3a1da02000 r--p 000a3000 08:05 4981398                    /usr/lib/x86_64-linux-gnu/libX11.so.6.3.0
7f3a1da02000-7f3a1da03000 ---p 00137000 08:05 4981398                    /usr/lib/x86_64-linux-gnu/libX11.so.6.3.0
7f3a1da03000-7f3a1da04000 r--p 00137000 08:05 4981398                    /usr/lib/x86_64-linux-gnu/libX11.so.6.3.0
7f3a1da04000-7f3a1da08000 rw-p 00138000 08:05 4981398                    /usr/lib/x86_64-linux-gnu/libX11.so.6.3.0
7f3a1da08000-7f3a1dac8000 r-xp 00000000 08:05 1062220                    /home/federicopolli/.jdks/openjdk-17.0.1/lib/libawt.so
7f3a1dac8000-7f3a1daca000 r--p 000bf000 08:05 1062220                    /home/federicopolli/.jdks/openjdk-17.0.1/lib/libawt.so
7f3a1daca000-7f3a1dad5000 rw-p 000c1000 08:05 1062220                    /home/federicopolli/.jdks/openjdk-17.0.1/lib/libawt.so
7f3a1dad5000-7f3a1dafa000 rw-p 00000000 00:00 0 
7f3a1dafa000-7f3a1dafb000 ---p 00000000 00:00 0 
7f3a1dafb000-7f3a1dbfc000 rw-p 00000000 00:00 0 
7f3a1dbfc000-7f3a1dc00000 ---p 00000000 00:00 0 
7f3a1dc00000-7f3a1dcfd000 rw-p 00000000 00:00 0 
7f3a1dcfd000-7f3a1dd01000 ---p 00000000 00:00 0 
7f3a1dd01000-7f3a1ddfe000 rw-p 00000000 00:00 0 
7f3a1ddfe000-7f3a1de02000 ---p 00000000 00:00 0 
7f3a1de02000-7f3a1deff000 rw-p 00000000 00:00 0 
7f3a1deff000-7f3a1df03000 ---p 00000000 00:00 0 
7f3a1df03000-7f3a20000000 rw-p 00000000 00:00 0 
7f3a20000000-7f3a20021000 rw-p 00000000 00:00 0 
7f3a20021000-7f3a24000000 ---p 00000000 00:00 0 
7f3a24000000-7f3a24021000 rw-p 00000000 00:00 0 
7f3a24021000-7f3a28000000 ---p 00000000 00:00 0 
7f3a28000000-7f3a28021000 rw-p 00000000 00:00 0 
7f3a28021000-7f3a2c000000 ---p 00000000 00:00 0 
7f3a2c010000-7f3a2c012000 r--p 00000000 08:05 4987322                    /usr/lib/x86_64-linux-gnu/libXfixes.so.3.1.0
7f3a2c012000-7f3a2c015000 r-xp 00002000 08:05 4987322                    /usr/lib/x86_64-linux-gnu/libXfixes.so.3.1.0
7f3a2c015000-7f3a2c016000 r--p 00005000 08:05 4987322                    /usr/lib/x86_64-linux-gnu/libXfixes.so.3.1.0
7f3a2c016000-7f3a2c017000 r--p 00005000 08:05 4987322                    /usr/lib/x86_64-linux-gnu/libXfixes.so.3.1.0
7f3a2c017000-7f3a2c018000 rw-p 00006000 08:05 4987322                    /usr/lib/x86_64-linux-gnu/libXfixes.so.3.1.0
7f3a2c018000-7f3a2c01b000 r--p 00000000 08:05 4987314                    /usr/lib/x86_64-linux-gnu/libXcursor.so.1.0.2
7f3a2c01b000-7f3a2c021000 r-xp 00003000 08:05 4987314                    /usr/lib/x86_64-linux-gnu/libXcursor.so.1.0.2
7f3a2c021000-7f3a2c023000 r--p 00009000 08:05 4987314                    /usr/lib/x86_64-linux-gnu/libXcursor.so.1.0.2
7f3a2c023000-7f3a2c024000 r--p 0000a000 08:05 4987314                    /usr/lib/x86_64-linux-gnu/libXcursor.so.1.0.2
7f3a2c024000-7f3a2c025000 rw-p 0000b000 08:05 4987314                    /usr/lib/x86_64-linux-gnu/libXcursor.so.1.0.2
7f3a2c025000-7f3a2c029000 r--p 00000000 08:05 4987472                    /usr/lib/x86_64-linux-gnu/libbsd.so.0.10.0
7f3a2c029000-7f3a2c038000 r-xp 00004000 08:05 4987472                    /usr/lib/x86_64-linux-gnu/libbsd.so.0.10.0
7f3a2c038000-7f3a2c03b000 r--p 00013000 08:05 4987472                    /usr/lib/x86_64-linux-gnu/libbsd.so.0.10.0
7f3a2c03b000-7f3a2c03c000 ---p 00016000 08:05 4987472                    /usr/lib/x86_64-linux-gnu/libbsd.so.0.10.0
7f3a2c03c000-7f3a2c03d000 r--p 00016000 08:05 4987472                    /usr/lib/x86_64-linux-gnu/libbsd.so.0.10.0
7f3a2c03d000-7f3a2c03e000 rw-p 00017000 08:05 4987472                    /usr/lib/x86_64-linux-gnu/libbsd.so.0.10.0
7f3a2c03e000-7f3a2c03f000 rw-p 00000000 00:00 0 
7f3a2c03f000-7f3a2c041000 r--p 00000000 08:05 4987318                    /usr/lib/x86_64-linux-gnu/libXdmcp.so.6.0.0
7f3a2c041000-7f3a2c043000 r-xp 00002000 08:05 4987318                    /usr/lib/x86_64-linux-gnu/libXdmcp.so.6.0.0
7f3a2c043000-7f3a2c045000 r--p 00004000 08:05 4987318                    /usr/lib/x86_64-linux-gnu/libXdmcp.so.6.0.0
7f3a2c045000-7f3a2c046000 r--p 00005000 08:05 4987318                    /usr/lib/x86_64-linux-gnu/libXdmcp.so.6.0.0
7f3a2c046000-7f3a2c047000 rw-p 00006000 08:05 4987318                    /usr/lib/x86_64-linux-gnu/libXdmcp.so.6.0.0
7f3a2c047000-7f3a2c048000 r--p 00000000 08:05 4987307                    /usr/lib/x86_64-linux-gnu/libXau.so.6.0.0
7f3a2c048000-7f3a2c04a000 r-xp 00001000 08:05 4987307                    /usr/lib/x86_64-linux-gnu/libXau.so.6.0.0
7f3a2c04a000-7f3a2c04b000 r--p 00003000 08:05 4987307                    /usr/lib/x86_64-linux-gnu/libXau.so.6.0.0
7f3a2c04b000-7f3a2c04c000 r--p 00003000 08:05 4987307                    /usr/lib/x86_64-linux-gnu/libXau.so.6.0.0
7f3a2c04c000-7f3a2c04d000 rw-p 00004000 08:05 4987307                    /usr/lib/x86_64-linux-gnu/libXau.so.6.0.0
7f3a2c04d000-7f3a2c058000 r--p 00000000 08:05 4988760                    /usr/lib/x86_64-linux-gnu/libxcb.so.1.1.0
7f3a2c058000-7f3a2c06c000 r-xp 0000b000 08:05 4988760                    /usr/lib/x86_64-linux-gnu/libxcb.so.1.1.0
7f3a2c06c000-7f3a2c075000 r--p 0001f000 08:05 4988760                    /usr/lib/x86_64-linux-gnu/libxcb.so.1.1.0
7f3a2c075000-7f3a2c076000 r--p 00027000 08:05 4988760                    /usr/lib/x86_64-linux-gnu/libxcb.so.1.1.0
7f3a2c076000-7f3a2c077000 rw-p 00028000 08:05 4988760                    /usr/lib/x86_64-linux-gnu/libxcb.so.1.1.0
7f3a2c077000-7f3a2c079000 r--p 00000000 08:05 4987328                    /usr/lib/x86_64-linux-gnu/libXi.so.6.1.0
7f3a2c079000-7f3a2c084000 r-xp 00002000 08:05 4987328                    /usr/lib/x86_64-linux-gnu/libXi.so.6.1.0
7f3a2c084000-7f3a2c087000 r--p 0000d000 08:05 4987328                    /usr/lib/x86_64-linux-gnu/libXi.so.6.1.0
7f3a2c087000-7f3a2c088000 r--p 0000f000 08:05 4987328                    /usr/lib/x86_64-linux-gnu/libXi.so.6.1.0
7f3a2c088000-7f3a2c089000 rw-p 00010000 08:05 4987328                    /usr/lib/x86_64-linux-gnu/libXi.so.6.1.0
7f3a2c089000-7f3a2c08d000 ---p 00000000 00:00 0 
7f3a2c08d000-7f3a2c18a000 rw-p 00000000 00:00 0 
7f3a2c18a000-7f3a2c18e000 ---p 00000000 00:00 0 
7f3a2c18e000-7f3a2c28b000 rw-p 00000000 00:00 0 
7f3a2c28b000-7f3a2c28f000 ---p 00000000 00:00 0 
7f3a2c28f000-7f3a2c38c000 rw-p 00000000 00:00 0 
7f3a2c38c000-7f3a2c390000 ---p 00000000 00:00 0 
7f3a2c390000-7f3a2c48d000 rw-p 00000000 00:00 0 
7f3a2c48d000-7f3a2c491000 ---p 00000000 00:00 0 
7f3a2c491000-7f3a2c58e000 rw-p 00000000 00:00 0 
7f3a2c58e000-7f3a2caff000 r--p 00000000 08:05 4985878                    /usr/lib/locale/locale-archive
7f3a2caff000-7f3a2cb03000 ---p 00000000 00:00 0 
7f3a2cb03000-7f3a2d000000 rw-p 00000000 00:00 0 
7f3a2d000000-7f3a2d060000 rw-p 00000000 00:00 0 
7f3a2d060000-7f3a2d080000 rw-p 00000000 00:00 0 
7f3a2d080000-7f3a2d100000 rw-p 00000000 00:00 0 
7f3a2d100000-7f3a2d300000 rw-p 00000000 00:00 0 
7f3a2d300000-7f3a2d360000 rw-p 00000000 00:00 0 
7f3a2d360000-7f3a2d380000 rw-p 00000000 00:00 0 
7f3a2d380000-7f3a2d400000 rw-p 00000000 00:00 0 
7f3a2d405000-7f3a2d409000 r--p 00000000 08:05 4987320                    /usr/lib/x86_64-linux-gnu/libXext.so.6.4.0
7f3a2d409000-7f3a2d414000 r-xp 00004000 08:05 4987320                    /usr/lib/x86_64-linux-gnu/libXext.so.6.4.0
7f3a2d414000-7f3a2d418000 r--p 0000f000 08:05 4987320                    /usr/lib/x86_64-linux-gnu/libXext.so.6.4.0
7f3a2d418000-7f3a2d419000 r--p 00012000 08:05 4987320                    /usr/lib/x86_64-linux-gnu/libXext.so.6.4.0
7f3a2d419000-7f3a2d41a000 rw-p 00013000 08:05 4987320                    /usr/lib/x86_64-linux-gnu/libXext.so.6.4.0
7f3a2d424000-7f3a2d42b000 r--s 00000000 08:05 5515425                    /usr/lib/x86_64-linux-gnu/gconv/gconv-modules.cache
7f3a2d42b000-7f3a2d488000 r-xp 00000000 08:05 1062222                    /home/federicopolli/.jdks/openjdk-17.0.1/lib/libawt_xawt.so
7f3a2d488000-7f3a2d489000 ---p 0005d000 08:05 1062222                    /home/federicopolli/.jdks/openjdk-17.0.1/lib/libawt_xawt.so
7f3a2d489000-7f3a2d48a000 r--p 0005d000 08:05 1062222                    /home/federicopolli/.jdks/openjdk-17.0.1/lib/libawt_xawt.so
7f3a2d48a000-7f3a2d48c000 rw-p 0005e000 08:05 1062222                    /home/federicopolli/.jdks/openjdk-17.0.1/lib/libawt_xawt.so
7f3a2d48c000-7f3a2d48e000 rw-p 00000000 00:00 0 
7f3a2d48e000-7f3a2d492000 ---p 00000000 00:00 0 
7f3a2d492000-7f3a2d58f000 rw-p 00000000 00:00 0 
7f3a2d58f000-7f3a2d590000 ---p 00000000 00:00 0 
7f3a2d590000-7f3a2d691000 rw-p 00000000 00:00 0 
7f3a2d691000-7f3a2d75f000 r-xp 00000000 08:05 1062251                    /home/federicopolli/.jdks/openjdk-17.0.1/lib/libsvml.so
7f3a2d75f000-7f3a2d760000 r--p 000cd000 08:05 1062251                    /home/federicopolli/.jdks/openjdk-17.0.1/lib/libsvml.so
7f3a2d760000-7f3a2d761000 rw-p 000ce000 08:05 1062251                    /home/federicopolli/.jdks/openjdk-17.0.1/lib/libsvml.so
7f3a2d761000-7f3a2d83d000 rw-p 00000000 00:00 0 
7f3a2d83d000-7f3a2d83e000 ---p 00000000 00:00 0 
7f3a2d83e000-7f3a2db37000 rw-p 00000000 00:00 0 
7f3a2db37000-7f3a2f84f000 ---p 00000000 00:00 0 
7f3a2f84f000-7f3a2fa4f000 rw-p 00000000 00:00 0 
7f3a2fa4f000-7f3a31767000 ---p 00000000 00:00 0 
7f3a31767000-7f3a3176f000 rw-p 00000000 00:00 0 
7f3a3176f000-7f3a319df000 rwxp 00000000 00:00 0 
7f3a319df000-7f3a31d00000 ---p 00000000 00:00 0 
7f3a31d00000-7f3a32010000 rwxp 00000000 00:00 0 
7f3a32010000-7f3a39237000 ---p 00000000 00:00 0 
7f3a39237000-7f3a394a7000 rwxp 00000000 00:00 0 
7f3a394a7000-7f3a4076f000 ---p 00000000 00:00 0 
7f3a4076f000-7f3a48000000 r--s 00000000 08:05 1062255                    /home/federicopolli/.jdks/openjdk-17.0.1/lib/modules
7f3a48000000-7f3a4844a000 rw-p 00000000 00:00 0 
7f3a4844a000-7f3a4c000000 ---p 00000000 00:00 0 
7f3a4c002000-7f3a4c017000 r-xp 00000000 08:05 1062244                    /home/federicopolli/.jdks/openjdk-17.0.1/lib/libnet.so
7f3a4c017000-7f3a4c018000 ---p 00015000 08:05 1062244                    /home/federicopolli/.jdks/openjdk-17.0.1/lib/libnet.so
7f3a4c018000-7f3a4c019000 r--p 00015000 08:05 1062244                    /home/federicopolli/.jdks/openjdk-17.0.1/lib/libnet.so
7f3a4c019000-7f3a4c01a000 rw-p 00016000 08:05 1062244                    /home/federicopolli/.jdks/openjdk-17.0.1/lib/libnet.so
7f3a4c01a000-7f3a4c02d000 r-xp 00000000 08:05 1062245                    /home/federicopolli/.jdks/openjdk-17.0.1/lib/libnio.so
7f3a4c02d000-7f3a4c02e000 r--p 00012000 08:05 1062245                    /home/federicopolli/.jdks/openjdk-17.0.1/lib/libnio.so
7f3a4c02e000-7f3a4c02f000 rw-p 00013000 08:05 1062245                    /home/federicopolli/.jdks/openjdk-17.0.1/lib/libnio.so
7f3a4c02f000-7f3a4c036000 r-xp 00000000 08:05 1062254                    /home/federicopolli/.jdks/openjdk-17.0.1/lib/libzip.so
7f3a4c036000-7f3a4c037000 ---p 00007000 08:05 1062254                    /home/federicopolli/.jdks/openjdk-17.0.1/lib/libzip.so
7f3a4c037000-7f3a4c038000 r--p 00007000 08:05 1062254                    /home/federicopolli/.jdks/openjdk-17.0.1/lib/libzip.so
7f3a4c038000-7f3a4c039000 rw-p 00008000 08:05 1062254                    /home/federicopolli/.jdks/openjdk-17.0.1/lib/libzip.so
7f3a4c039000-7f3a4c07a000 rw-p 00000000 00:00 0 
7f3a4c07a000-7f3a4c07b000 ---p 00000000 00:00 0 
7f3a4c07b000-7f3a4c782000 rw-p 00000000 00:00 0 
7f3a4c782000-7f3a4c783000 ---p 00000000 00:00 0 
7f3a4c783000-7f3a4c884000 rw-p 00000000 00:00 0 
7f3a4c884000-7f3a4c885000 ---p 00000000 00:00 0 
7f3a4c885000-7f3a4c986000 rw-p 00000000 00:00 0 
7f3a4c986000-7f3a4c987000 ---p 00000000 00:00 0 
7f3a4c987000-7f3a4cb48000 rw-p 00000000 00:00 0 
7f3a4cb48000-7f3a4ceeb000 ---p 00000000 00:00 0 
7f3a4ceeb000-7f3a4cf2b000 rw-p 00000000 00:00 0 
7f3a4cf2b000-7f3a4d2ce000 ---p 00000000 00:00 0 
7f3a4d2ce000-7f3a4d30e000 rw-p 00000000 00:00 0 
7f3a4d30e000-7f3a4d6b1000 ---p 00000000 00:00 0 
7f3a4d6b1000-7f3a4dcbd000 rw-p 00000000 00:00 0 
7f3a4dcbd000-7f3a4dda3000 ---p 00000000 00:00 0 
7f3a4dda3000-7f3a4ddaa000 rw-p 00000000 00:00 0 
7f3a4ddaa000-7f3a4de8e000 ---p 00000000 00:00 0 
7f3a4de8e000-7f3a4de93000 rw-p 00000000 00:00 0 
7f3a4de93000-7f3a4de9a000 ---p 00000000 00:00 0 
7f3a4de9a000-7f3a4de9d000 r--p 00000000 08:05 4982910                    /usr/lib/x86_64-linux-gnu/libnss_files-2.31.so
7f3a4de9d000-7f3a4dea4000 r-xp 00003000 08:05 4982910                    /usr/lib/x86_64-linux-gnu/libnss_files-2.31.so
7f3a4dea4000-7f3a4dea6000 r--p 0000a000 08:05 4982910                    /usr/lib/x86_64-linux-gnu/libnss_files-2.31.so
7f3a4dea6000-7f3a4dea7000 r--p 0000b000 08:05 4982910                    /usr/lib/x86_64-linux-gnu/libnss_files-2.31.so
7f3a4dea7000-7f3a4dea8000 rw-p 0000c000 08:05 4982910                    /usr/lib/x86_64-linux-gnu/libnss_files-2.31.so
7f3a4dea8000-7f3a4deae000 rw-p 00000000 00:00 0 
7f3a4deae000-7f3a4deaf000 r--p 00000000 08:05 4987330                    /usr/lib/x86_64-linux-gnu/libXinerama.so.1.0.0
7f3a4deaf000-7f3a4deb0000 r-xp 00001000 08:05 4987330                    /usr/lib/x86_64-linux-gnu/libXinerama.so.1.0.0
7f3a4deb0000-7f3a4deb1000 r--p 00002000 08:05 4987330                    /usr/lib/x86_64-linux-gnu/libXinerama.so.1.0.0
7f3a4deb1000-7f3a4deb2000 r--p 00002000 08:05 4987330                    /usr/lib/x86_64-linux-gnu/libXinerama.so.1.0.0
7f3a4deb2000-7f3a4deb3000 rw-p 00003000 08:05 4987330                    /usr/lib/x86_64-linux-gnu/libXinerama.so.1.0.0
7f3a4deb3000-7f3a4deb5000 r-xp 00000000 08:05 1062224                    /home/federicopolli/.jdks/openjdk-17.0.1/lib/libextnet.so
7f3a4deb5000-7f3a4deb6000 r--p 00001000 08:05 1062224                    /home/federicopolli/.jdks/openjdk-17.0.1/lib/libextnet.so
7f3a4deb6000-7f3a4deb7000 rw-p 00002000 08:05 1062224                    /home/federicopolli/.jdks/openjdk-17.0.1/lib/libextnet.so
7f3a4deb7000-7f3a4debf000 rw-s 00000000 08:05 2898207                    /tmp/hsperfdata_federicopolli/34959
7f3a4debf000-7f3a4dee3000 r-xp 00000000 08:05 1062231                    /home/federicopolli/.jdks/openjdk-17.0.1/lib/libjava.so
7f3a4dee3000-7f3a4dee4000 ---p 00024000 08:05 1062231                    /home/federicopolli/.jdks/openjdk-17.0.1/lib/libjava.so
7f3a4dee4000-7f3a4dee5000 r--p 00024000 08:05 1062231                    /home/federicopolli/.jdks/openjdk-17.0.1/lib/libjava.so
7f3a4dee5000-7f3a4dee6000 rw-p 00025000 08:05 1062231                    /home/federicopolli/.jdks/openjdk-17.0.1/lib/libjava.so
7f3a4dee6000-7f3a4dee7000 rw-p 00000000 00:00 0 
7f3a4dee7000-7f3a4df02000 r-xp 00000000 08:05 1062235                    /home/federicopolli/.jdks/openjdk-17.0.1/lib/libjimage.so
7f3a4df02000-7f3a4df03000 ---p 0001b000 08:05 1062235                    /home/federicopolli/.jdks/openjdk-17.0.1/lib/libjimage.so
7f3a4df03000-7f3a4df05000 r--p 0001b000 08:05 1062235                    /home/federicopolli/.jdks/openjdk-17.0.1/lib/libjimage.so
7f3a4df05000-7f3a4df06000 rw-p 0001d000 08:05 1062235                    /home/federicopolli/.jdks/openjdk-17.0.1/lib/libjimage.so
7f3a4df06000-7f3a4df0a000 ---p 00000000 00:00 0 
7f3a4df0a000-7f3a4e007000 rw-p 00000000 00:00 0 
7f3a4e007000-7f3a4e016000 r--p 00000000 08:05 4982904                    /usr/lib/x86_64-linux-gnu/libm-2.31.so
7f3a4e016000-7f3a4e0bd000 r-xp 0000f000 08:05 4982904                    /usr/lib/x86_64-linux-gnu/libm-2.31.so
7f3a4e0bd000-7f3a4e154000 r--p 000b6000 08:05 4982904                    /usr/lib/x86_64-linux-gnu/libm-2.31.so
7f3a4e154000-7f3a4e155000 r--p 0014c000 08:05 4982904                    /usr/lib/x86_64-linux-gnu/libm-2.31.so
7f3a4e155000-7f3a4e156000 rw-p 0014d000 08:05 4982904                    /usr/lib/x86_64-linux-gnu/libm-2.31.so
7f3a4e156000-7f3a4e159000 r--p 00000000 08:05 4982921                    /usr/lib/x86_64-linux-gnu/librt-2.31.so
7f3a4e159000-7f3a4e15d000 r-xp 00003000 08:05 4982921                    /usr/lib/x86_64-linux-gnu/librt-2.31.so
7f3a4e15d000-7f3a4e15e000 r--p 00007000 08:05 4982921                    /usr/lib/x86_64-linux-gnu/librt-2.31.so
7f3a4e15e000-7f3a4e15f000 ---p 00008000 08:05 4982921                    /usr/lib/x86_64-linux-gnu/librt-2.31.so
7f3a4e15f000-7f3a4e160000 r--p 00008000 08:05 4982921                    /usr/lib/x86_64-linux-gnu/librt-2.31.so
7f3a4e160000-7f3a4e161000 rw-p 00009000 08:05 4982921                    /usr/lib/x86_64-linux-gnu/librt-2.31.so
7f3a4e161000-7f3a4f288000 r-xp 00000000 08:05 1062267                    /home/federicopolli/.jdks/openjdk-17.0.1/lib/server/libjvm.so
7f3a4f288000-7f3a4f33d000 r--p 01126000 08:05 1062267                    /home/federicopolli/.jdks/openjdk-17.0.1/lib/server/libjvm.so
7f3a4f33d000-7f3a4f370000 rw-p 011db000 08:05 1062267                    /home/federicopolli/.jdks/openjdk-17.0.1/lib/server/libjvm.so
7f3a4f370000-7f3a4f3cc000 rw-p 00000000 00:00 0 
7f3a4f3cc000-7f3a4f3f1000 r--p 00000000 08:05 4982902                    /usr/lib/x86_64-linux-gnu/libc-2.31.so
7f3a4f3f1000-7f3a4f569000 r-xp 00025000 08:05 4982902                    /usr/lib/x86_64-linux-gnu/libc-2.31.so
7f3a4f569000-7f3a4f5b3000 r--p 0019d000 08:05 4982902                    /usr/lib/x86_64-linux-gnu/libc-2.31.so
7f3a4f5b3000-7f3a4f5b4000 ---p 001e7000 08:05 4982902                    /usr/lib/x86_64-linux-gnu/libc-2.31.so
7f3a4f5b4000-7f3a4f5b7000 r--p 001e7000 08:05 4982902                    /usr/lib/x86_64-linux-gnu/libc-2.31.so
7f3a4f5b7000-7f3a4f5ba000 rw-p 001ea000 08:05 4982902                    /usr/lib/x86_64-linux-gnu/libc-2.31.so
7f3a4f5ba000-7f3a4f5be000 rw-p 00000000 00:00 0 
7f3a4f5be000-7f3a4f5bf000 r--p 00000000 08:05 4982903                    /usr/lib/x86_64-linux-gnu/libdl-2.31.so
7f3a4f5bf000-7f3a4f5c1000 r-xp 00001000 08:05 4982903                    /usr/lib/x86_64-linux-gnu/libdl-2.31.so
7f3a4f5c1000-7f3a4f5c2000 r--p 00003000 08:05 4982903                    /usr/lib/x86_64-linux-gnu/libdl-2.31.so
7f3a4f5c2000-7f3a4f5c3000 r--p 00003000 08:05 4982903                    /usr/lib/x86_64-linux-gnu/libdl-2.31.so
7f3a4f5c3000-7f3a4f5c4000 rw-p 00004000 08:05 4982903                    /usr/lib/x86_64-linux-gnu/libdl-2.31.so
7f3a4f5c4000-7f3a4f5cb000 r--p 00000000 08:05 4982919                    /usr/lib/x86_64-linux-gnu/libpthread-2.31.so
7f3a4f5cb000-7f3a4f5dc000 r-xp 00007000 08:05 4982919                    /usr/lib/x86_64-linux-gnu/libpthread-2.31.so
7f3a4f5dc000-7f3a4f5e1000 r--p 00018000 08:05 4982919                    /usr/lib/x86_64-linux-gnu/libpthread-2.31.so
7f3a4f5e1000-7f3a4f5e2000 r--p 0001c000 08:05 4982919                    /usr/lib/x86_64-linux-gnu/libpthread-2.31.so
7f3a4f5e2000-7f3a4f5e3000 rw-p 0001d000 08:05 4982919                    /usr/lib/x86_64-linux-gnu/libpthread-2.31.so
7f3a4f5e3000-7f3a4f5e7000 rw-p 00000000 00:00 0 
7f3a4f5e7000-7f3a4f5f6000 r-xp 00000000 08:05 1062236                    /home/federicopolli/.jdks/openjdk-17.0.1/lib/libjli.so
7f3a4f5f6000-7f3a4f5f7000 r--p 0000e000 08:05 1062236                    /home/federicopolli/.jdks/openjdk-17.0.1/lib/libjli.so
7f3a4f5f7000-7f3a4f5f8000 rw-p 0000f000 08:05 1062236                    /home/federicopolli/.jdks/openjdk-17.0.1/lib/libjli.so
7f3a4f5f8000-7f3a4f5fa000 r--p 00000000 08:05 4980928                    /usr/lib/x86_64-linux-gnu/libz.so.1.2.11
7f3a4f5fa000-7f3a4f60b000 r-xp 00002000 08:05 4980928                    /usr/lib/x86_64-linux-gnu/libz.so.1.2.11
7f3a4f60b000-7f3a4f611000 r--p 00013000 08:05 4980928                    /usr/lib/x86_64-linux-gnu/libz.so.1.2.11
7f3a4f611000-7f3a4f612000 ---p 00019000 08:05 4980928                    /usr/lib/x86_64-linux-gnu/libz.so.1.2.11
7f3a4f612000-7f3a4f613000 r--p 00019000 08:05 4980928                    /usr/lib/x86_64-linux-gnu/libz.so.1.2.11
7f3a4f613000-7f3a4f614000 rw-p 0001a000 08:05 4980928                    /usr/lib/x86_64-linux-gnu/libz.so.1.2.11
7f3a4f614000-7f3a4f616000 rw-p 00000000 00:00 0 
7f3a4f619000-7f3a4f623000 r-xp 00000000 08:05 1062226                    /home/federicopolli/.jdks/openjdk-17.0.1/lib/libinstrument.so
7f3a4f623000-7f3a4f624000 r--p 00009000 08:05 1062226                    /home/federicopolli/.jdks/openjdk-17.0.1/lib/libinstrument.so
7f3a4f624000-7f3a4f625000 rw-p 0000a000 08:05 1062226                    /home/federicopolli/.jdks/openjdk-17.0.1/lib/libinstrument.so
7f3a4f625000-7f3a4f626000 ---p 00000000 00:00 0 
7f3a4f626000-7f3a4f627000 r--p 00000000 00:00 0 
7f3a4f627000-7f3a4f628000 r--p 00000000 08:05 4982898                    /usr/lib/x86_64-linux-gnu/ld-2.31.so
7f3a4f628000-7f3a4f64b000 r-xp 00001000 08:05 4982898                    /usr/lib/x86_64-linux-gnu/ld-2.31.so
7f3a4f64b000-7f3a4f653000 r--p 00024000 08:05 4982898                    /usr/lib/x86_64-linux-gnu/ld-2.31.so
7f3a4f653000-7f3a4f654000 ---p 00000000 00:00 0 
7f3a4f654000-7f3a4f655000 r--p 0002c000 08:05 4982898                    /usr/lib/x86_64-linux-gnu/ld-2.31.so
7f3a4f655000-7f3a4f656000 rw-p 0002d000 08:05 4982898                    /usr/lib/x86_64-linux-gnu/ld-2.31.so
7f3a4f656000-7f3a4f657000 rw-p 00000000 00:00 0 
7ffd82d32000-7ffd82d53000 rw-p 00000000 00:00 0                          [stack]
7ffd82d90000-7ffd82d94000 r--p 00000000 00:00 0                          [vvar]
7ffd82d94000-7ffd82d96000 r-xp 00000000 00:00 0                          [vdso]
ffffffffff600000-ffffffffff601000 --xp 00000000 00:00 0                  [vsyscall]


VM Arguments:
jvm_args: -javaagent:/home/federicopolli/.local/share/JetBrains/Toolbox/apps/IDEA-C/ch-0/212.5457.46/lib/idea_rt.jar=45521:/home/federicopolli/.local/share/JetBrains/Toolbox/apps/IDEA-C/ch-0/212.5457.46/bin -Dfile.encoding=UTF-8 
java_command: gui.LuaPanel
java_class_path (initial): /media/sf_Federico/Units/Quinto Anno/Tirocinio/Code/Java/LuaInterpreter/out/production/classes:/home/federicopolli/.gradle/caches/modules-2/files-2.1/net.java.dev.jna/jna/5.9.0/8f503e6d9b500ceff299052d6be75b38c7257758/jna-5.9.0.jar
Launcher Type: SUN_STANDARD

[Global flags]
     intx CICompilerCount                          = 3                                         {product} {ergonomic}
     uint ConcGCThreads                            = 2                                         {product} {ergonomic}
     uint G1ConcRefinementThreads                  = 6                                         {product} {ergonomic}
   size_t G1HeapRegionSize                         = 1048576                                   {product} {ergonomic}
    uintx GCDrainStackTargetSize                   = 64                                        {product} {ergonomic}
   size_t InitialHeapSize                          = 132120576                                 {product} {ergonomic}
   size_t MarkStackSize                            = 4194304                                   {product} {ergonomic}
   size_t MaxHeapSize                              = 2086666240                                {product} {ergonomic}
   size_t MaxNewSize                               = 1251999744                                {product} {ergonomic}
   size_t MinHeapDeltaBytes                        = 1048576                                   {product} {ergonomic}
   size_t MinHeapSize                              = 8388608                                   {product} {ergonomic}
    uintx NonNMethodCodeHeapSize                   = 5832780                                {pd product} {ergonomic}
    uintx NonProfiledCodeHeapSize                  = 122912730                              {pd product} {ergonomic}
    uintx ProfiledCodeHeapSize                     = 122912730                              {pd product} {ergonomic}
    uintx ReservedCodeCacheSize                    = 251658240                              {pd product} {ergonomic}
     bool SegmentedCodeCache                       = true                                      {product} {ergonomic}
   size_t SoftMaxHeapSize                          = 2086666240                             {manageable} {ergonomic}
     bool UseCompressedClassPointers               = true                           {product lp64_product} {ergonomic}
     bool UseCompressedOops                        = true                           {product lp64_product} {ergonomic}
     bool UseG1GC                                  = true                                      {product} {ergonomic}

Logging:
Log output configuration:
 #0: stdout all=warning uptime,level,tags
 #1: stderr all=off uptime,level,tags

Environment Variables:
PATH=/usr/local/sbin:/usr/local/bin:/usr/sbin:/usr/bin:/sbin:/bin:/usr/games:/usr/local/games:/snap/bin~/pycharm-community-2020.3.3/bin
USERNAME=federicopolli
SHELL=/bin/bash
DISPLAY=:0
LANG=en_US.UTF-8

Signal Handlers:
   SIGSEGV: crash_handler in libjvm.so, mask=11100100010111111101111111111110, flags=SA_RESTART|SA_SIGINFO
    SIGBUS: crash_handler in libjvm.so, mask=11100100010111111101111111111110, flags=SA_RESTART|SA_SIGINFO
    SIGFPE: crash_handler in libjvm.so, mask=11100100010111111101111111111110, flags=SA_RESTART|SA_SIGINFO
   SIGPIPE: javaSignalHandler in libjvm.so, mask=11100100010111111101111111111110, flags=SA_RESTART|SA_SIGINFO
   SIGXFSZ: javaSignalHandler in libjvm.so, mask=11100100010111111101111111111110, flags=SA_RESTART|SA_SIGINFO
    SIGILL: crash_handler in libjvm.so, mask=11100100010111111101111111111110, flags=SA_RESTART|SA_SIGINFO
   SIGUSR2: SR_handler in libjvm.so, mask=00100000000000000000000000000000, flags=SA_RESTART|SA_SIGINFO
    SIGHUP: UserHandler in libjvm.so, mask=11100100010111111101111111111110, flags=SA_RESTART|SA_SIGINFO
    SIGINT: UserHandler in libjvm.so, mask=11100100010111111101111111111110, flags=SA_RESTART|SA_SIGINFO
   SIGTERM: UserHandler in libjvm.so, mask=11100100010111111101111111111110, flags=SA_RESTART|SA_SIGINFO
   SIGQUIT: UserHandler in libjvm.so, mask=11100100010111111101111111111110, flags=SA_RESTART|SA_SIGINFO
   SIGTRAP: crash_handler in libjvm.so, mask=11100100010111111101111111111110, flags=SA_RESTART|SA_SIGINFO


---------------  S Y S T E M  ---------------

OS:
DISTRIB_ID=Ubuntu
DISTRIB_RELEASE=20.04
DISTRIB_CODENAME=focal
DISTRIB_DESCRIPTION="Ubuntu 20.04.3 LTS"
uname: Linux 5.11.0-40-generic #44~20.04.2-Ubuntu SMP Tue Oct 26 18:07:44 UTC 2021 x86_64
OS uptime: 0 days 8:19 hours
libc: glibc 2.31 NPTL 2.31 
rlimit (soft/hard): STACK 8192k/infinity , CORE 0k/infinity , NPROC 31560/31560 , NOFILE 1048576/1048576 , AS infinity/infinity , CPU infinity/infinity , DATA infinity/infinity , FSIZE infinity/infinity , MEMLOCK 65536k/65536k
load average: 1,01 0,52 0,56

/proc/meminfo:
MemTotal:        8144936 kB
MemFree:          173764 kB
MemAvailable:    2192416 kB
Buffers:          510276 kB
Cached:          1592564 kB
SwapCached:       100356 kB
Active:          2316340 kB
Inactive:        5158268 kB
Active(anon):     904496 kB
Inactive(anon):  4529712 kB
Active(file):    1411844 kB
Inactive(file):   628556 kB
Unevictable:           0 kB
Mlocked:               0 kB
SwapTotal:       2097148 kB
SwapFree:        1571628 kB
Dirty:             17736 kB
Writeback:             0 kB
AnonPages:       5291912 kB
Mapped:           576036 kB
Shmem:             62440 kB
KReclaimable:     282108 kB
Slab:             368240 kB
SReclaimable:     282108 kB
SUnreclaim:        86132 kB
KernelStack:       23712 kB
PageTables:        46416 kB
NFS_Unstable:          0 kB
Bounce:                0 kB
WritebackTmp:          0 kB
CommitLimit:     6169616 kB
Committed_AS:   10536064 kB
VmallocTotal:   34359738367 kB
VmallocUsed:       52348 kB
VmallocChunk:          0 kB
Percpu:             6304 kB
HardwareCorrupted:     0 kB
AnonHugePages:         0 kB
ShmemHugePages:        0 kB
ShmemPmdMapped:        0 kB
FileHugePages:         0 kB
FilePmdMapped:         0 kB
HugePages_Total:       0
HugePages_Free:        0
HugePages_Rsvd:        0
HugePages_Surp:        0
Hugepagesize:       2048 kB
Hugetlb:               0 kB
DirectMap4k:      452544 kB
DirectMap2M:     7936000 kB

/sys/kernel/mm/transparent_hugepage/enabled: always [madvise] never
/sys/kernel/mm/transparent_hugepage/defrag (defrag/compaction efforts parameter): always defer defer+madvise [madvise] never

Process Memory:
Virtual Size: 5584464K (peak: 5584464K)
Resident Set Size: 87328K (peak: 87328K) (anon: 55880K, file: 31448K, shmem: 0K)
Swapped out: 0K
C-Heap outstanding allocations: 6995K

/proc/sys/kernel/threads-max (system-wide limit on the number of threads): 63120
/proc/sys/vm/max_map_count (maximum number of memory map areas a process may have): 65530
/proc/sys/kernel/pid_max (system-wide limit on number of process identifiers): 4194304

container (cgroup) information:
container_type: cgroupv1
cpu_cpuset_cpus: 0-5
cpu_memory_nodes: 0
active_processor_count: 6
cpu_quota: no quota
cpu_period: 100000
cpu_shares: no shares
memory_limit_in_bytes: unlimited
memory_and_swap_limit_in_bytes: unlimited
memory_soft_limit_in_bytes: unlimited
memory_usage_in_bytes: 6589042688
memory_max_usage_in_bytes: 7346790400

KVM virtualization detected
Steal ticks since vm start: 0
Steal ticks percentage since vm start:  0,000

CPU: total 6 (initial active 6) (6 cores per cpu, 1 threads per core) family 6 model 165 stepping 2 microcode 0x0, cx8, cmov, fxsr, mmx, 3dnowpref, sse, sse2, sse3, ssse3, sse4.1, sse4.2, popcnt, lzcnt, tsc, tscinvbit, avx, avx2, aes, clmul, vzeroupper, clflush, clflushopt, hv
CPU Model and flags from /proc/cpuinfo:
model name	: Intel(R) Core(TM) i7-10750H CPU @ 2.60GHz
flags		: fpu vme de pse tsc msr pae mce cx8 apic sep mtrr pge mca cmov pat pse36 clflush mmx fxsr sse sse2 ht syscall nx rdtscp lm constant_tsc rep_good nopl xtopology nonstop_tsc cpuid tsc_known_freq pni pclmulqdq ssse3 cx16 pcid sse4_1 sse4_2 x2apic movbe popcnt aes xsave avx rdrand hypervisor lahf_lm abm 3dnowprefetch invpcid_single fsgsbase avx2 invpcid rdseed clflushopt md_clear flush_l1d arch_capabilities

Online cpus: 0-5
Offline cpus: 
BIOS frequency limitation: <Not Available>
Frequency switch latency (ns): <Not Available>
Available cpu frequencies: <Not Available>
Current governor: <Not Available>
Core performance/turbo boost: <Not Available>

Memory: 4k page, physical 8144936k(173764k free), swap 2097148k(1571628k free)
Page Sizes: 4k

vm_info: OpenJDK 64-Bit Server VM (17.0.1+12-39) for linux-amd64 JRE (17.0.1+12-39), built on Sep 27 2021 17:31:13 by "mach5one" with gcc 10.3.0

END.
